a2ps-4.14-2pclos2011
ac3dec-1.0.27-1pclos2013
acl-2.2.51-1pclos2013
acpi-1.7-1pclos2014
acpid-2.0.22-2pclos2014
addlocale-4.3-1pclos2014
aica-firmware-1.0.27-1pclos2013
akonadi-1.11.80-1pclos2014
alsa-plugins-doc-1.0.27-2pclos2013
alsa-plugins-pulse-config-1.0.27-2pclos2013
alsa-utils-1.0.27.2-1pclos2013
alsaconf-1.0.27.2-1pclos2013
aoss-1.0.25-3pclos2013
apache-base-2.2.24-3pclos2014
apache-mod_php-5.3.28-1pclos2014
apache-modules-2.2.24-3pclos2014
apache-mpm-prefork-2.2.24-3pclos2014
apt-0.5.15lorg3.95-6pclos2013
apt-common-0.5.15lorg3.95-6pclos2013
apt-sources-list-1.1-2pclos2014
aqbanking-5.0.16-1pclos2011
aqhbci-5.0.16-1pclos2011
as10k1-1.0.27-1pclos2013
asihpi-firmware-1.0.27-1pclos2013
aspell-0.60.6-10pclos2011
aspell-en-6.0.0-10pclos2011
aspell-es-1.9a.1-10pclos2011
aspell-pt-0.50.2-10pclos2011
at-3.1.14-1pclos2013
at-spi2-atk-2.12.0-1pclos2014
at-spi2-atk-devel-2.12.0-1pclos2014
at-spi2-core-2.12.0-1pclos2014
atk1.0-common-2.12.0-1pclos2014
atmel-firmware-1.3-3pclos2011
audiokonverter-5.9.1-1pclos2011
autokey-common-0.90.4-4pclos2013
autokey-qt-0.90.4-4pclos2013
automoc4-0.9.88-3pclos2013
autopano-sift-C-2.5.1-2pclos2014
avahi-0.6.31-6pclos2013
avogadro-libs-1.1.0-2pclos2013
basesystem-2014-1pclos2014
basesystem-minimal-2014-1pclos2014
bash-4.2-1pclos2011
bc-1.06.95-1pclos2011
bcm2033-firmware-1.0-1pclos2011
bcm43xx-firmware-1.0-2pclos2011
binutils-2.24-1pclos2014
birt-2.1.0-2pclos2013
bladeenc-0.94.2-2pclos2011
bluedevil-1.3.1-1pclos2013
bluez-4.101-8pclos2013
bluez-alsa-4.101-8pclos2013
bluez-cups-4.101-8pclos2013
bluez-firmware-1.2-1pclos2011
bluez-gstreamer-4.101-8pclos2013
bluez-pin-0.30-13pclos2013
bomber-4.12.3-1pclos2014
bomber-handbook-4.12.3-1pclos2014
bonk-0.6-2pclos2012
bootinfoscript-0.61-1pclos2013
bootloader-utils-1.15-6pclos2011
bootsplash-3.3.3-4pclos2011
bovo-4.12.3-1pclos2014
bovo-handbook-4.12.3-1pclos2014
bpalogin-2.0.2-7pclos2011
busybox-1.22.1-1pclos2014
bzip2-1.0.6-1pclos2011
c2050-0.4-1pclos2011
c2070-0.99-1pclos2011
cabextract-1.4-1pclos2011
calibre-manager-0.1-2pclos2013
canberra-common-0.30-1pclos2013
canberra-gtk-0.30-1pclos2013
ccp-0.4.1-2pclos2011
ccrypt-1.10-1pclos2013
cdialog-1.1-1pclos2011
cdparanoia-10.2-1pclos2011
cdrdao-1.2.3-2pclos2011
cdrkit-1.1.11-1pclos2011
cdrkit-genisoimage-1.1.11-1pclos2011
cfitsio-3.280-1pclos2011
chkconfig-1.3.37-3pclos2011
chkfontpath-1.10.1-1pclos2011
chromaprint-1.1-1pclos2013
cjet-0.8.9-1pclos2011
clean_nac-0.2-1pclos2012
clementine-1.2.3-1pclos2014
color-filesystem-1pclos2011-1pclos2011
colord-0.1.13-1pclos2011
comgt-0.32-2pclos2011
common-licenses-1.0-13pclos2011
consolekit-0.4.5-2pclos2014
consolekit-x11-0.4.5-2pclos2014
coreutils-8.22-3pclos2014
cpio-2.11-1pclos2011
cpufreq-1.0-28pclos2011
cpufrequtils-008-1pclos2011
cracklib-dicts-2.9.1-1pclos2014
crda-1.1.0-1pclos2011
cronie-1.4.7-2pclos2011
cronie-anacron-1.4.7-2pclos2011
crontabs-1.10-10pclos2011
cryptmount-4.1-1pclos2011
cryptsetup-1.6.3-1pclos2013
cuetools-1.3.1-2pclos2011
cups-1.4.6-1pclos2011
cups-common-1.4.6-1pclos2011
cups-drivers-2008-4pclos2011
cups-drivers-capt-0.1-2pclos2011
cups-drivers-foo2kyo-0.1.0a-3pclos2011
cups-drivers-foo2zjs-0.0-0.20091014.2pclos2011
cups-drivers-lbp660-0.3.1-2pclos2011
cups-drivers-lxx74-0.8.4.2-2pclos2011
cups-drivers-lz11-1.2-2pclos2011
cups-drivers-m2300w-0.51-3pclos2011
cups-drivers-magicolor2430dl-1.6.1-2pclos2011
cups-drivers-magicolor2530dl-2.1.1-2pclos2011
cups-drivers-magicolor5430dl-1.8.1-2pclos2011
cups-drivers-magicolor5440dl-1.2.1-2pclos2011
cups-drivers-pegg-0.23-2pclos2011
cups-drivers-ptouch-1.3-2pclos2011
cups-drivers-splix-2.0.0-2pclos2011
curl-7.37.0-1pclos2014
cursor-theme-xprience-0.2-9pclos2011
cvs-1.12.13-8pclos2011
cyrus-sasl-2.1.23-3pclos2013
dash-0.5.6.1-2pclos2011
dash-static-0.5.6.1-2pclos2011
dbus-1.6.12-2pclos2013
dbus-x11-1.6.12-2pclos2013
dconf-0.13.0-2pclos2013
desktop-common-data-2010-15pclos2013
desktop-file-utils-0.21-1pclos2013
dhcp-client-4.2.5-0.P1.1pclos2013
dhcp-common-4.2.5-0.P1.1pclos2013
diffutils-3.3-1pclos2013
dirmngr-1.1.1-1pclos2013
diskscan-0.13-1pclos2013
dkms-2.0.19-3pclos2012
dkms-fglrx-current-14.010.1006-2pclos2014
dkms-minimal-2.0.19-3pclos2012
dmidecode-2.12-1pclos2013
dmsetup-1.02.43-2pclos2011
do-vesa-0.1-1pclos2011
DoAsRoot-2.1.1-9pclos2013
docbook-dtd412-xml-1.0-20pclos2011
docbook-dtd42-xml-1.0-7pclos2011
docbook-dtd43-xml-1.0-5pclos2011
docbook-style-xsl-1.78.1-1pclos2014
dos2unix-6.0.5-1pclos2014
dosfstools-3.0.24-1pclos2013
drak3d-common-1.27-3pclos2011
drakconf-12.17-9pclos2013
drakconf-icons-12.17-9pclos2013
draklive-config-kde-1.0-5pclos2011
drakwizard-3.7.3-1pclos2011
drakx-finish-install-12.83-5pclos2014
drakx-installer-binaries-probe-1.50-2pclos2014
drakx-installer-matchbox-1.2-2pclos2014
drakx-kbd-mouse-x11-0.92-5pclos2013
drakx-net-0.87-15pclos2014
drakx-net-text-0.87-15pclos2014
drakxtools-12.83-5pclos2014
drakxtools-backend-12.83-5pclos2014
drakxtools-newt-12.83-5pclos2014
dropbox-2.4.10-1pclos2014
dropbox-service-menu-0.16.1-3pclos2013
drv_z42-0.4.3-4pclos2011
dupeclean-1.2-2pclos2012
dupeclean-gui-0.2-1pclos2013
dvd+rw-tools-7.1-2pclos2011
dvdauthor-0.7.0-3pclos2012
dynamic-0.26.14-1pclos2011
e2fsprogs-1.42.9-1pclos2014
e4rat-0.2.3-3pclos2013
ebook-tools-0.2.2-2pclos2014
eigen2-2.0.54-1pclos2011
emagic-firmware-1.0.27-1pclos2013
emu1010-firmware-1.0.27-1pclos2013
enblend-4.1.2-1pclos2014
enchant-1.6.0-2pclos2013
enfuse-4.1.2-1pclos2014
epsoneplijs-0.4.0-1pclos2011
esound-0.2.41-3pclos2013
etcskel-1.63-29pclos2011
ethtool-6-1pclos2011
exfat-utils-1.0.1-3pclos2013
expat-2.1.0-1pclos2013
extract_rpm-0.1.5-3pclos2012
faac-1.28-2pclos2011
faad2-2.7-2pclos2011
ffmpeg-2.2.3-1pclos2014
ffmpegthumbs-4.12.3-1pclos2014
fglrx-current-control-center-14.010.1006-2pclos2014
fglrx-current-opencl-14.010.1006-2pclos2014
file-5.18-1pclos2014
filesystem-2.1.9-1pclos2011
findutils-4.5.9-1pclos2011
firefox-29.0.1-1pclos2014
flac-1.3.0-1pclos2013
flash-player-plugin-11.2.202.359-1pclos2014
font-tools-0.1-15pclos2011
fontconfig-2.11.1-1pclos2014
fonts-ttf-bitstream-vera-1.10-11pclos2011
fonts-ttf-dejavu-2.33-1pclos2011
fonts-ttf-ecofont-1.0-1pclos2011
fonts-ttf-latex-0.1-11pclos2011
fonts-ttf-liberation-2.00.1-1pclos2014
fonts-ttf-ubuntu-1.0-1pclos2011
fonts-ttf-west_european-1.4-1pclos2011
foomatic-db-4.0-2.20110221.1pclos2011
foomatic-db-engine-4.0.8-1pclos2011
foomatic-filters-4.0.9-1pclos2011
freerdp-1.0.2-2pclos2014
freetype-1.3.1-27pclos2011
freetype-tools-1.3.1-27pclos2011
fribidi-0.19.6-1pclos2014
fslsfonts-1.0.1-5pclos2011
fstobdf-1.0.2-3pclos2011
fuse-2.9.3-1pclos2013
fuse-exfat-1.0.1-3pclos2013
gamin-0.1.10-4pclos2013
gawk-4.1.1-1pclos2014
gcc-4.7.2-2pclos2013
gcc-c++-4.7.2-2pclos2013
gcc-cpp-4.7.2-2pclos2013
gcc-gfortran-4.7.2-2pclos2013
GConf2-3.2.3-1pclos2011
gcr-3.10.1-1pclos2014
gdk-pixbuf2.0-2.30.5-1pclos2014
geoclue1-0.12.99-3pclos2013
gettext-0.18.3.2-1pclos2014
gettext-base-0.18.3.2-1pclos2014
getvirtualbox-4.3.12-1pclos2014
gfxboot-theme-silk_64-1.1-2pclos2013
ghostscript-9.06-1pclos2014
ghostscript-common-9.06-1pclos2014
ghostscript-fonts-8.11-8pclos2011
ghostscript-module-X-9.06-1pclos2014
ghostscript-X-9.06-1pclos2014
gifsicle-1.82-1pclos2014
gimp-2.8.10-1pclos2013
git-2.0.0-1pclos2014
gksu-2.0.2-3pclos2013
glamor-0.6.0-3pclos2014
glib-gettextize-2.40.0-2pclos2014
glib2.0-common-2.40.0-2pclos2014
glibc-2.16-4pclos2013
glibc-devel-2.16-4pclos2013
glibc-headers-devel-3.14.4-1pclos2014
glxinfo-8.0.1-1pclos2011
gnome-icon-theme-3.12.0-1pclos2014
gnome-keyring-3.10.1-1pclos2014
gnome-mime-data-2.18.0-2pclos2011
gnome-python-2.28.1-4pclos2013
gnome-python-bonobo-2.28.1-4pclos2013
gnome-python-canvas-2.28.1-4pclos2013
gnome-python-gconf-2.28.1-4pclos2013
gnome-python-gnomevfs-2.28.1-4pclos2013
gnome-vfs2-2.24.4-2pclos2013
gnugo-3.6-3pclos2011
gnupg-1.4.16-1pclos2013
gnupg2-2.0.22-1pclos2013
gnutls-3.2.15-1pclos2014
gobject-introspection-1.40.0-1pclos2014
google-earth-7.0.3.8542-1pclos2013
gparted-0.18.0-1pclos2014
gpg-pubkey-70771ff3-3c8f768f
gpg-pubkey-78d019f5-3fd7504d
gpm-1.20.6-6pclos2013
granatier-4.12.3-1pclos2014
granatier-handbook-4.12.3-1pclos2014
grantlee-0.3.0-1pclos2013
graphite2-1.2.3-1pclos2013
grep-2.20-1pclos2014
groff-1.22.1-1pclos2013
groff-for-man-1.22.1-1pclos2013
grub-0.97-27pclos2011
gsettings-desktop-schemas-3.10.1-1pclos2013
gstreamer0.10-cdio-0.10.18-4pclos2013
gstreamer0.10-faad-0.10.23-5pclos2014
gstreamer0.10-farstream-0.1.2-1pclos2014
gstreamer0.10-ffmpeg-0.10.13-2pclos2014
gstreamer0.10-flac-0.10.31-1pclos2013
gstreamer0.10-gnomevfs-0.10.36-1pclos2013
gstreamer0.10-gsm-0.10.23-5pclos2014
gstreamer0.10-lame-0.10.18-4pclos2013
gstreamer0.10-musepack-0.10.23-5pclos2014
gstreamer0.10-neon-0.10.23-5pclos2014
gstreamer0.10-nice-0.1.5-1pclos2014
gstreamer0.10-ofa-0.10.23-5pclos2014
gstreamer0.10-plugins-bad-0.10.23-5pclos2014
gstreamer0.10-plugins-base-0.10.36-1pclos2013
gstreamer0.10-plugins-good-0.10.31-1pclos2013
gstreamer0.10-plugins-ugly-0.10.18-4pclos2013
gstreamer0.10-pulse-0.10.31-1pclos2013
gstreamer0.10-python-0.10.22-2pclos2013
gstreamer0.10-soup-0.10.31-1pclos2013
gstreamer0.10-tools-0.10.36-1pclos2013
gstreamer0.10-voip-0.10.23-5pclos2014
gstreamer0.10-wavpack-0.10.31-1pclos2013
gtk-engines2-2.20.2-1pclos2011
gtk-oxygen-molecule-3.2-7pclos2011
gtk+2.0-2.24.22-3pclos2013
gtk+3.0-3.12.2-1pclos2014
gtkdialog-0.8.3-1pclos2013
gtkdialogs-2.2-3pclos2011
gtksourceview-3.2.3-1pclos2012
gtksourceview2-2.10.5-4pclos2014
gtkspell-2.0.15-1pclos2011
guile-1.8.8-2pclos2011
gutenprint-common-5.2.9-3pclos2013
gutenprint-cups-5.2.9-3pclos2013
gutenprint-escputil-5.2.9-3pclos2013
gutenprint-foomatic-5.2.9-3pclos2013
gutenprint-ijs-5.2.9-3pclos2013
gwenhywfar-4.3.0-1pclos2011
gwenrename-1.1-0.beta7.4pclos2013
gzip-1.6-1pclos2013
hal-0.5.14-4pclos2011
hal-info-0.0-5.20091130.1pclos2011
harddrake-12.83-5pclos2014
harddrake-ui-12.83-5pclos2014
hdparm-9.42-1pclos2012
hdspconf-1.0.27-1pclos2013
hdsploader-1.0.27-1pclos2013
hdspmixer-1.0.27-1pclos2013
hfsutils-3.2.6-17pclos2011
hicolor-icon-theme-0.12-3pclos2013
hplip-3.14.1-1pclos2014
hplip-common-3.14.1-1pclos2014
hplip-gui-3.14.1-1pclos2014
hplip-hpijs-3.14.1-1pclos2014
hplip-libs-3.14.1-1pclos2014
hso-rezero-0.1-2pclos2011
hspell-0.9-4pclos2011
html2text-1.3.2a-5pclos2011
httpd-conf-2.2.24-1pclos2013
hwinfo-19.1-2pclos2012
ia32-libs-2013-10pclos2014
iceauth-1.0.6-1pclos2013
icu-data-51.2-2pclos2014
id3lib-3.8.3-14pclos2011
ifmetric-0.3-7pclos2011
ifplugd-0.28-8pclos2011
ifuse-1.1.2-1pclos2013
ImageMagick-6.8.0.2-4pclos2013
imagination-3.0-3pclos2013
indexhtml-2010-4pclos2011
indilib-0.8-2pclos2013
info-5.0-2pclos2013
info-install-5.0-2pclos2013
initscripts-9.25-15pclos2014
inkscape-0.48.4-1pclos2013
inkscape-sozi-13.05-1pclos2013
iproute2-2.6.33-1pclos2011
ipset-4.4-1pclos2011
iptables-1.4.20-1pclos2013
iputils-20101006-1pclos2011
ipw2100-firmware-1.3-2pclos2011
ipw2200-firmware-3.1-1pclos2011
ipw3945-ucode-1.14.2-1pclos2011
ipw3945d-1.7.22-1pclos2011
irqbalance-1.0.3-1pclos2011
iw-0.9.21-1pclos2011
iwlwifi-1000-ucode-128.50.3.1-1pclos2011
iwlwifi-3945-ucode-15.32.2.9-2pclos2011
iwlwifi-4965-ucode-228.61.2.24-2pclos2011
iwlwifi-5000-ucode-8.24.2.12-2pclos2011
iwlwifi-5150-ucode-8.24.2.2-2pclos2011
jackit-1.9.7-1pclos2011
jasper-1.900.1-3pclos2014
java-1.7.0-sun-1.7.0.55-1pclos2014
java-1.7.0-sun-alsa-1.7.0.55-1pclos2014
java-1.7.0-sun-devel-1.7.0.55-1pclos2014
java-1.7.0-sun-fonts-1.7.0.55-1pclos2014
java-1.7.0-sun-jdbc-1.7.0.55-1pclos2014
java-1.7.0-sun-plugin-1.7.0.55-1pclos2014
java-rpmbuild-1.7.5-2pclos2011
jbig2dec-0.11-1pclos2011
jfsutils-1.1.15-1pclos2011
jpackage-utils-1.7.5-2pclos2011
k3b-2.0.2-10pclos2014
k9copy-2.3.8-1pclos2013
kactivities-4.12.3-1pclos2014
kamerka-0.8.5-2pclos2013
kapman-4.12.3-1pclos2014
kapman-handbook-4.12.3-1pclos2014
kate-part-4.12.3-1pclos2014
katomic-4.12.3-1pclos2014
katomic-handbook-4.12.3-1pclos2014
kbd-1.15.3-1pclos2013
kblackbox-4.12.3-1pclos2014
kblackbox-handbook-4.12.3-1pclos2014
kblocks-4.12.3-1pclos2014
kblocks-handbook-4.12.3-1pclos2014
kbounce-4.12.3-1pclos2014
kbounce-handbook-4.12.3-1pclos2014
kbreakout-4.12.3-1pclos2014
kbreakout-handbook-4.12.3-1pclos2014
kcm-qt-graphicssystem-1.3-3pclos2013
kcron-4.12.3-1pclos2014
kde-accessibility-kaccessible-4.12.3-1pclos2014
kde-allgames-4.12.3-1pclos2014
kde-allgames-help-4.12.3-1pclos2014
kde-artwork-4.12.3-1pclos2014
kde-artwork-color-schemes-4.12.3-1pclos2014
kde-artwork-emoticons-4.12.3-1pclos2014
kde-artwork-icons-theme-nuvola-4.12.3-1pclos2014
kde-artwork-kscreensaver-4.12.3-1pclos2014
kde-artwork-sounds-4.12.3-1pclos2014
kde-artwork-styles-4.12.3-1pclos2014
kde-artwork-wallpapers-4.12.3-1pclos2014
kde-baseapps-4.12.3-1pclos2014
kde-baseapps-core-4.12.3-1pclos2014
kde-baseapps-dolphin-4.12.3-1pclos2014
kde-baseapps-help-4.12.3-1pclos2014
kde-baseapps-kdepasswd-4.12.3-1pclos2014
kde-baseapps-kdialog-4.12.3-1pclos2014
kde-baseapps-kfind-4.12.3-1pclos2014
kde-baseapps-plasma-4.12.3-1pclos2014
kde-edu-analitza-4.12.3-1pclos2014
kde-edu-blinken-4.12.3-1pclos2014
kde-edu-kalgebra-4.12.3-1pclos2014
kde-edu-kalzium-4.12.3-1pclos2014
kde-edu-kanagram-4.12.3-1pclos2014
kde-edu-kbruch-4.12.3-1pclos2014
kde-edu-kgeography-4.12.3-1pclos2014
kde-edu-khangman-4.12.3-1pclos2014
kde-edu-kig-4.12.3-1pclos2014
kde-edu-kiten-4.12.3-1pclos2014
kde-edu-klettres-4.12.3-1pclos2014
kde-edu-kmplot-4.12.3-1pclos2014
kde-edu-kstars-4.12.3-1pclos2014
kde-edu-ktouch-4.12.3-1pclos2014
kde-edu-kturtle-4.12.3-1pclos2014
kde-edu-kwordquiz-4.12.3-1pclos2014
kde-edu-marble-4.12.3-1pclos2014
kde-edu-parley-4.12.3-1pclos2014
kde-edu-step-4.12.3-1pclos2014
kde-graphics-4.12.3-1pclos2014
kde-graphics-gwenview-4.12.3-1pclos2014
kde-graphics-kamera-4.12.3-1pclos2014
kde-graphics-kcolorchooser-4.12.3-1pclos2014
kde-graphics-kgamma-4.12.3-1pclos2014
kde-graphics-kolourpaint-4.12.3-1pclos2014
kde-graphics-kruler-4.12.3-1pclos2014
kde-graphics-ksaneplugin-4.12.3-1pclos2014
kde-graphics-ksnapshot-4.12.3-1pclos2014
kde-graphics-libs-4.12.3-1pclos2014
kde-graphics-okular-4.12.3-1pclos2014
kde-graphics-strigi-analyzer-4.12.3-1pclos2014
kde-graphics-svgpart-4.12.3-1pclos2014
kde-graphics-thumbnailers-4.12.3-1pclos2014
kde-gtk-config-2.2.1-1pclos2013
kde-multimedia-audiocd-kio-4.12.3-1pclos2014
kde-multimedia-dragonplayer-4.12.3-1pclos2014
kde-multimedia-juk-4.12.3-1pclos2014
kde-multimedia-kmix-4.12.3-1pclos2014
kde-multimedia-kscd-4.12.3-1pclos2014
kde-multimedia-mplayerthumbnailer-4.12.3-1pclos2014
kde-pimlibs-4.12.3-1pclos2014
kde-pimlibs-help-4.12.3-1pclos2014
kde-pimruntime-4.12.3-1pclos2014
kde-plasma-addons-4.12.3-1pclos2014
kde-runtime-4.12.3-1pclos2014
kde-runtime-help-4.12.3-1pclos2014
kde-sdk-umbrello-4.12.3-1pclos2014
kde-smooth-tasks-fork-20130417-5pclos2014
kde-toys-4.12.3-1pclos2014
kde-utils-4.12.3-1pclos2014
kde-utils-ark-4.12.3-1pclos2014
kde-utils-filelight-4.12.3-1pclos2014
kde-utils-kcalc-4.12.3-1pclos2014
kde-utils-kcharselect-4.12.3-1pclos2014
kde-utils-kdf-4.12.3-1pclos2014
kde-utils-kfloppy-4.12.3-1pclos2014
kde-utils-kgpg-4.12.3-1pclos2014
kde-utils-kremotecontrol-4.12.3-1pclos2014
kde-utils-ktimer-4.12.3-1pclos2014
kde-utils-kwallet-4.12.3-1pclos2014
kde-utils-superkaramba-4.12.3-1pclos2014
kde-utils-sweeper-4.12.3-1pclos2014
kde-workspace-4.11.7-2pclos2014
kde-workspace-core-4.11.7-2pclos2014
kde-workspace-cursor-themes-4.11.7-2pclos2014
kde-workspace-help-4.11.7-2pclos2014
kde4-config-legacy-4.10-1pclos2013
kdelibs-4.12.3-1pclos2014
kdelibs-help-4.12.3-1pclos2014
kdenetwork-core-4.12.3-1pclos2014
kdenetwork-filesharing-4.12.3-1pclos2014
kdenetwork-kdnssd-4.12.3-1pclos2014
kdenetwork-kget-4.12.3-1pclos2014
kdenetwork-kget-handbook-4.12.3-1pclos2014
kdenetwork-kppp-4.12.3-1pclos2014
kdenetwork-kppp-handbook-4.12.3-1pclos2014
kdenetwork-kppp-provider-4.12.3-1pclos2014
kdenetwork-krdc-krfb-4.12.3-1pclos2014
kdenetwork-krdc-krfb-handbook-4.12.3-1pclos2014
kdiamond-4.12.3-1pclos2014
kdiamond-handbook-4.12.3-1pclos2014
kdm-4.11.7-2pclos2014
kdm-theme-silk_64-1.1-1pclos2013
kernel-3.14.6-pclos1-1-1pclos2014
kernel-devel-3.14.6-pclos1-1-1pclos2014
kernel-firmware-20140513-1pclos2014
kernel-firmware-extra-20140513-2pclos2014
keurocalc-1.1.0-2pclos2011
keychain-2.7.1-1pclos2011
keyutils-1.2-5pclos2011
kfilereplace-4.12.3-1pclos2014
kflickr-20100817-3pclos2011
kfourinline-4.12.3-1pclos2014
kfourinline-handbook-4.12.3-1pclos2014
kgmailnotifier-0.5.1-4pclos2011
kgoldrunner-4.12.3-1pclos2014
kgoldrunner-handbook-4.12.3-1pclos2014
kigo-4.12.3-1pclos2014
kigo-handbook-4.12.3-1pclos2014
killbots-4.12.3-1pclos2014
killbots-handbook-4.12.3-1pclos2014
kim-0.9.5-7pclos2013
kio-locate-0.5.3-1pclos2013
kio-recentdocument-0.2.1-4pclos2013
kio-recoll-1.19.2-2pclos2013
kio-sysinfo-1.8.3-8pclos2013
kiriki-4.12.3-1pclos2014
kiriki-handbook-4.12.3-1pclos2014
kjumpingcube-4.12.3-1pclos2014
kjumpingcube-handbook-4.12.3-1pclos2014
klickety-4.12.3-1pclos2014
klickety-handbook-4.12.3-1pclos2014
klines-4.12.3-1pclos2014
klines-handbook-4.12.3-1pclos2014
kmahjongg-4.12.3-1pclos2014
kmahjongg-handbook-4.12.3-1pclos2014
kmahjongglib-4.12.3-1pclos2014
kmines-4.12.3-1pclos2014
kmines-handbook-4.12.3-1pclos2014
kmymoney-4.6.4-3pclos2014
knavalbattle-4.12.3-1pclos2014
knavalbattle-handbook-4.12.3-1pclos2014
knetwalk-4.12.3-1pclos2014
knetwalk-handbook-4.12.3-1pclos2014
kolf-4.12.3-1pclos2014
kolf-handbook-4.12.3-1pclos2014
kollision-4.12.3-1pclos2014
kollision-handbook-4.12.3-1pclos2014
konquest-4.12.3-1pclos2014
konquest-handbook-4.12.3-1pclos2014
konsole-4.12.3-1pclos2014
konsole-part-4.12.3-1pclos2014
kpartx-0.4.8-1pclos2011
kpat-4.12.3-1pclos2014
kpat-handbook-4.12.3-1pclos2014
krb5-1.8.3-2pclos2011
krename-4.0.9-4pclos2013
kreversi-4.12.3-1pclos2014
kreversi-handbook-4.12.3-1pclos2014
kshisen-4.12.3-1pclos2014
kshisen-handbook-4.12.3-1pclos2014
ksirk-4.12.3-1pclos2014
ksirk-handbook-4.12.3-1pclos2014
ksnakeduel-4.12.3-1pclos2014
kspaceduel-4.12.3-1pclos2014
kspaceduel-handbook-4.12.3-1pclos2014
ksplash-theme-silk_64-1.1-1pclos2013
ksquares-4.12.3-1pclos2014
ksquares-handbook-4.12.3-1pclos2014
ksudoku-4.12.3-1pclos2014
ksudoku-handbook-4.12.3-1pclos2014
ksystemlog-4.12.3-1pclos2014
ktoblzcheck-1.33-2pclos2013
ktorrent-4.3.1-1pclos2013
ktron-4.12.3-1pclos2014
ktron-handbook-4.12.3-1pclos2014
ktuberling-4.12.3-1pclos2014
ktuberling-handbook-4.12.3-1pclos2014
kubrick-4.12.3-1pclos2014
kubrick-handbook-4.12.3-1pclos2014
kuser-4.12.3-1pclos2014
kwebkitpart-0.9.6-1pclos2011
kwrite-4.12.3-1pclos2014
lame-3.99.5-1pclos2013
lapack-3.1.1-3pclos2011
laptop-mode-tools-1.60-2pclos2012
lcms-1.19-7pclos2013
lcms2-2.5-1pclos2014
ld10k1-1.0.27-1pclos2013
ldetect-0.11.2-2pclos2014
ldetect-lst-0.1.303-2pclos2014
lensfun-0.2.8-1pclos2014
less-458-1pclos2013
lesstif-0.95.2-1pclos2011
lexmark2070-0.6-1pclos2011
lexmark7000linux-990516-1pclos2011
lftp-4.5.0-1pclos2014
lib64a52dec0-0.7.4-11pclos2011
lib64aa1-1.4.0-0.rc5.22pclos2011
lib64acl1-2.2.51-1pclos2013
lib64alkimia4-4.3.2-1pclos2013
lib64alsa-oss0-1.0.25-3pclos2013
lib64alsa-plugins-1.0.27-2pclos2013
lib64alsa-plugins-jack-1.0.27-2pclos2013
lib64alsa-plugins-pulseaudio-1.0.27-2pclos2013
lib64alsa2-1.0.27.2-2pclos2013
lib64amd2.2.0-2.2.0-1pclos2012
lib64ao4-1.2.0-1pclos2014
lib64apr-util1_0-1.4.1-1pclos2013
lib64apr1_0-1.4.6-1pclos2013
lib64apt-pkg0-0.5.15lorg3.95-6pclos2013
lib64aqbanking33-5.0.16-1pclos2011
lib64aqhbci20-5.0.16-1pclos2011
lib64archive2-2.8.5-2pclos2013
lib64art_lgpl2-2.3.21-1pclos2011
lib64aspell15-0.60.6-10pclos2011
lib64ass-0.10.1-2pclos2013
lib64assuan0-2.1.1-1pclos2013
lib64asyncns0-0.8-1pclos2011
lib64atasmart4-0.19-2pclos2013
lib64atk1.0_0-2.12.0-1pclos2014
lib64atk1.0-devel-2.12.0-1pclos2014
lib64atkmm1.6_1-2.22.7-1pclos2014
lib64atkmm1.6-devel-2.22.7-1pclos2014
lib64atlas3-x86_64-3.8.3-1pclos2012
lib64atm1-2.5.1-2pclos2011
lib64atspi-devel-2.12.0-1pclos2014
lib64atspi0-2.12.0-1pclos2014
lib64attica0-0.4.2-1pclos2013
lib64attr1-2.4.46-1pclos2011
lib64audiofile1-0.3.6-1pclos2013
lib64audit1-2.1.2-1pclos2011
lib64auparse0-2.1.2-1pclos2011
lib64avahi-client3-0.6.31-6pclos2013
lib64avahi-common3-0.6.31-6pclos2013
lib64avahi-compat-libdns_sd1-0.6.31-6pclos2013
lib64avahi-core7-0.6.31-6pclos2013
lib64avahi-glib1-0.6.31-6pclos2013
lib64avc1394_0-0.5.3-2pclos2011
lib64avcodec55-2.2.3-1pclos2014
lib64avfilter4-2.2.3-1pclos2014
lib64avformat55-2.2.3-1pclos2014
lib64avutil52-2.2.3-1pclos2014
lib64babl0.1_0-0.1.10-1pclos2012
lib64blas-1.1-2pclos2011
lib64blas-devel-1.1-2pclos2011
lib64blkid1-2.22.2-3pclos2013
lib64bluedevil1-1.9.3-1pclos2013
lib64bluez3-4.101-8pclos2013
lib64bluray1-0.2-1pclos2012
lib64bonobo2_0-2.32.1-1pclos2011
lib64bonoboui2_0-2.24.5-2pclos2013
lib64boost1.50.0-1.50.0-2pclos2013
lib64boost1.55.0-1.55.0-1pclos2014
lib64bs2b0-3.1.0-2pclos2011
lib64bsd0-0.6.0-1pclos2014
lib64bzip2_1-1.0.6-1pclos2011
lib64bzip2-devel-1.0.6-1pclos2011
lib64caca0-0.99-0.beta16.3pclos2011
lib64cairo-devel-1.12.16-1pclos2014
lib64cairo2-1.12.16-1pclos2014
lib64cairomm1.0_1-1.10.0-1pclos2012
lib64canberra-gtk0-0.30-1pclos2013
lib64canberra-gtk3_0-0.30-1pclos2013
lib64canberra0-0.30-1pclos2013
lib64cap2-2.24-1pclos2014
lib64cdaudio1-0.99.12-4pclos2011
lib64cdda0-10.2-1pclos2011
lib64cddb2-1.3.2-3pclos2011
lib64cdio_cdda0-0.82-1pclos2011
lib64cdio12-0.82-1pclos2011
lib64cdt4-2.24.0-5pclos2011
lib64celt0-0.7.0-1pclos2011
lib64celt2-0.11.3-1pclos2013
lib64cfitsio0-3.280-1pclos2011
lib64chm0-0.40-1pclos2011
lib64chromaprint0-1.1-1pclos2013
lib64cln6-1.3.1-2pclos2011
lib64clucene0-0.9.21b-1pclos2011
lib64config9-1.4.7-1pclos2011
lib64consolekit0-0.4.5-2pclos2014
lib64crack2-2.9.1-1pclos2014
lib64croco0.6_3-0.6.8-1pclos2013
lib64cryptsetup4-1.6.3-1pclos2013
lib64crystalhd3-0-0.20101130.1pclos2011
lib64cups2-1.4.6-1pclos2011
lib64curl-devel-7.37.0-1pclos2014
lib64curl4-7.37.0-1pclos2014
lib64daemon0-0.14-2pclos2013
lib64db4.8-4.8.30-1pclos2011
lib64dbnss4.8-4.8.30-1pclos2011
lib64dbus-1_3-1.6.12-2pclos2013
lib64dbus-1-devel-1.6.12-2pclos2013
lib64dbus-glib-1_2-0.102-1pclos2014
lib64dbusmenu-qt2-0.9.2-1pclos2013
lib64dc1394_22-2.1.3-1pclos2011
lib64dca0-0.0.5-2pclos2012
lib64dconf0-0.13.0-2pclos2013
lib64devmapper-devel-1.02.43-2pclos2011
lib64devmapper-event1.02-1.02.43-2pclos2011
lib64devmapper1.02-1.02.43-2pclos2011
lib64dirac0-1.0.2-1pclos2011
lib64directfb-devel-1.4.3-2pclos2012
lib64directfb1.4_0-1.4.3-2pclos2012
lib64discid0-0.1.1-1pclos2011
lib64djvulibre21-3.5.24-1pclos2011
lib64dmtx0-0.7.2-2pclos2013
lib64dmx1-1.1.3-2pclos2014
lib64dri-drivers-10.1.4-1pclos2014
lib64drm-devel-2.4.54-1pclos2014
lib64drm2-2.4.54-1pclos2014
lib64dv4-1.0.0-2pclos2013
lib64dvbpsi9-1.1.2-1pclos2014
lib64dvdnav4-4.2.1-1pclos2014
lib64dvdread4-4.2.1-1pclos2014
lib64ebml2-1.0.0-1pclos2011
lib64ebml3-1.2.2-1pclos2013
lib64echonest1-1.2.1-1pclos2011
lib64echonest2-2.0.3-1pclos2013
lib64edit0-3.0-0.20090722.1pclos2011
lib64elfutils1-0.159-1pclos2014
lib64enca0-1.12-1pclos2011
lib64enchant1-1.6.0-2pclos2013
lib64esound0-0.2.41-3pclos2013
lib64evdev2-1.1-2pclos2014
lib64event5-2.0.21-3pclos2014
lib64exif12-0.6.21-1pclos2012
lib64exiv2_11-0.22-2pclos2012
lib64exiv2_12-0.23-3pclos2014
lib64exiv2_9-0.20-1pclos2011
lib64expat1-2.1.0-1pclos2013
lib64ext2fs-devel-1.42.9-1pclos2014
lib64ext2fs2-1.42.9-1pclos2014
lib64faac0-1.28-2pclos2011
lib64faad2_2-2.7-2pclos2011
lib64farstream0.1_0-0.1.2-1pclos2014
lib64ffi5-3.0.8-1pclos2011
lib64ffi5-devel-3.0.8-1pclos2011
lib64ffmpegthumbnailer4-2.0.8-2pclos2013
lib64fftw3-3.2.2-1pclos2011
lib64flac++6-1.3.0-1pclos2013
lib64flac8-1.3.0-1pclos2013
lib64fltk0-1.3.1-1pclos2013
lib64fluidsynth1-1.1.5-1pclos2012
lib64fontconfig-devel-2.11.1-1pclos2014
lib64fontconfig1-2.11.1-1pclos2014
lib64fontenc1-1.1.2-1pclos2014
lib64freeglut3-2.8.0-1pclos2013
lib64freerdp1-1.0.2-2pclos2014
lib64freetype6-2.5.3-1pclos2014
lib64freetype6-devel-2.5.3-1pclos2014
lib64fribidi0-0.19.6-1pclos2014
lib64fs6-1.0.6-1pclos2014
lib64ftgl2-2.1.3-0.rc5.3pclos2013
lib64fuse2-2.9.3-1pclos2013
lib64gadu3-1.11.2-2pclos2012
lib64gail18-2.24.22-3pclos2013
lib64gail3_0-3.12.2-1pclos2014
lib64gamin-1_0-0.1.10-4pclos2013
lib64gbm1-10.1.4-1pclos2014
lib64gbm1-devel-10.1.4-1pclos2014
lib64gc1-7.2-1pclos2011
lib64gconfmm2.6_1-2.28.0-3pclos2013
lib64gcr3_1-3.10.1-1pclos2014
lib64gcrypt11-1.5.3-1pclos2013
lib64gd2-2.0.35-5pclos2011
lib64gdbm3-1.8.3-5pclos2013
lib64gdk_pixbuf2.0_0-2.30.5-1pclos2014
lib64gegl0.2_0-0.2.0-3pclos2013
lib64geoclue0-0.12.99-3pclos2013
lib64gettextmisc-0.18.3.2-1pclos2014
lib64ggi2-2.2.2-2pclos2011
lib64gif4-4.1.6-1pclos2011
lib64giggle0-0.7-2pclos2013
lib64gii1-1.0.2-2pclos2011
lib64gimp2.0_0-2.8.10-1pclos2013
lib64girepository1.0_1-1.40.0-1pclos2014
lib64gksu2.0_0-2.0.12-3pclos2013
lib64glade2.0_0-2.6.4-2pclos2011
lib64glademm2.4_1-2.6.7-2pclos2011
lib64glamor0-0.6.0-3pclos2014
lib64glapi0-10.1.4-1pclos2014
lib64glapi0-devel-10.1.4-1pclos2014
lib64glew1.10-1.10.0-1pclos2013
lib64glew1.5-1.5.7-2pclos2013
lib64glew1.7-1.7.0-1pclos2012
lib64glib1.2-1.2.10-18pclos2011
lib64glib2.0_0-2.40.0-2pclos2014
lib64glib2.0-devel-2.40.0-2pclos2014
lib64glibmm2.4_1-2.40.0-1pclos2014
lib64glibmm2.4-devel-2.40.0-1pclos2014
lib64gmp10-5.0.2-2pclos2012
lib64gnet-2.0_0-2.0.8-1pclos2011
lib64gnome-keyring0-3.10.1-1pclos2014
lib64gnome-vfs2_0-2.24.4-2pclos2013
lib64gnome2_0-2.32.1-1pclos2011
lib64gnomecanvas2_0-2.30.3-1pclos2011
lib64gnomeui2_0-2.24.5-1pclos2011
lib64gnutls26-2.12.7-1pclos2011
lib64gnutls28-3.2.15-1pclos2014
lib64gpg-error0-1.12-1pclos2013
lib64gpgme11-1.4.3-1pclos2013
lib64gphoto2-2.4.11-2pclos2011
lib64gphoto6-2.5.4-1pclos2014
lib64gpm1-1.20.6-6pclos2013
lib64gpm2-1.20.6-5pclos2011
lib64gpod4-0.8.3-1pclos2014
lib64gpsd19-2.95-2pclos2013
lib64graph4-2.24.0-5pclos2011
lib64graphite2_3-1.2.3-1pclos2013
lib64graphite2-devel-1.2.3-1pclos2013
lib64gs9-9.06-1pclos2014
lib64gsl0-1.15-1pclos2011
lib64gsm1-1.0.13-2pclos2014
lib64gsnmp0-0.3.0-2pclos2013
lib64gssdp1.0_3-0.14.7-1pclos2014
lib64gssglue1-0.3-1pclos2011
lib64gstbasevideo0.10_0-0.10.23-5pclos2014
lib64gstphotography0.10_0-0.10.23-5pclos2014
lib64gstreamer-plugins-base0.10-0.10.36-1pclos2013
lib64gstreamer0.10_0.10-0.10.36-1pclos2013
lib64gtk+-x11-2.0_0-2.24.22-3pclos2013
lib64gtk+1.2-1.2.10-49pclos2011
lib64gtk+2.0_0-2.24.22-3pclos2013
lib64gtk+3_0-3.12.2-1pclos2014
lib64gtkhtml2_0-2.11.1-3pclos2012
lib64gtkmm2.4_1-2.24.4-2pclos2013
lib64gtkmm3.0_1-3.4.2-1pclos2013
lib64gtksourceview2-2.0_0-2.10.5-4pclos2014
lib64gtksourceview3.0_0-3.2.3-1pclos2012
lib64gtkspell0-2.0.15-1pclos2011
lib64gtop2.0_7-2.28.5-1pclos2014
lib64gudev1.0_0-168-6pclos2011
lib64guile17-1.8.8-2pclos2011
lib64gupnp-igd1.0_3-0.1.11-1pclos2011
lib64gupnp1.0_4-0.20.10-1pclos2014
lib64gutenprint2-5.2.9-3pclos2013
lib64gutenprintui2_1-5.2.9-3pclos2013
lib64gvc5-2.24.0-5pclos2011
lib64gwengui-qt4_0-4.3.0-1pclos2011
lib64gwenhywfar60-4.3.0-1pclos2011
lib64gwenviewlib4-4.12.3-1pclos2014
lib64gypsy0-0.8-1pclos2011
lib64hal1-0.5.14-4pclos2011
lib64harfbuzz-devel-0.9.27-1pclos2014
lib64harfbuzz0-0.9.27-1pclos2014
lib64hdf5_7-1.8.7-1pclos2011
lib64hdf5_hl7-1.8.7-1pclos2011
lib64hogweed2-2.4-1pclos2011
lib64hspell0-0.9-4pclos2011
lib64hunspell1.2_0-1.2.15-1pclos2011
lib64ical0-0.46-2pclos2011
lib64icalss0-0.46-2pclos2011
lib64icalvcal0-0.46-2pclos2011
lib64ice-devel-1.0.8-1pclos2013
lib64ice6-1.0.8-1pclos2013
lib64icu-devel-51.2-2pclos2014
lib64icu44-4.4-2pclos2011
lib64icu51-51.2-2pclos2014
lib64id3_3.8_3-3.8.3-14pclos2011
lib64id3tag0-0.15.1b-7pclos2011
lib64IDL2_0-0.8.14-1pclos2011
lib64idn-devel-1.28-1pclos2014
lib64idn11-1.28-1pclos2014
lib64ieee1284_3-0.2.11-3pclos2013
lib64ijs1-0.36-90pclos2014
lib64ilmbase6-1.0.2-1pclos2011
lib64imobiledevice2-1.1.1-2pclos2012
lib64imobiledevice4-1.1.6-1pclos2014
lib64indi0-0.8-2pclos2013
lib64indicate-qt1-0.2.5.91-1pclos2013
lib64indicate4-0.3.6-1pclos2011
lib64indicate5-0.6.92-2pclos2013
lib64intl8-0.18.3.2-1pclos2014
lib64iodbc2-3.52.8-1pclos2014
lib64ip4tc0-1.4.20-1pclos2013
lib64ip6tc0-1.4.20-1pclos2013
lib64iptables10-1.4.20-1pclos2013
lib64iptables4-1.4.7-1pclos2011
lib64iris_ksirk2-4.12.3-1pclos2014
lib64iso9660_7-0.82-1pclos2011
lib64iw29-29-2pclos2011
lib64iw30-30-0.pre9.2pclos2012
lib64jack0-1.9.7-1pclos2011
lib64jasper1-1.900.1-3pclos2014
lib64jbig1-2.0-1pclos2011
lib64jbig2dec0-0.11-1pclos2011
lib64jpeg-devel-1.3.0-3pclos2013
lib64jpeg62-6b-45pclos2013
lib64jpeg8-1.3.0-3pclos2013
lib64json0-0.9-1pclos2012
lib64json2-0.11-3pclos2014
lib64jsoncpp0-0.6.0-0.rc2.2pclos2013
lib64kate1-0.4.1-1pclos2013
lib64kdegames6-4.12.3-1pclos2014
lib64kdegamesprivate1-4.12.3-1pclos2014
lib64keyutils-devel-1.2-5pclos2011
lib64keyutils1-1.2-5pclos2011
lib64kiten4-4.12.3-1pclos2014
lib64kmahjongglib4-4.12.3-1pclos2014
lib64kolfprivate4-4.12.3-1pclos2014
lib64krb53-1.8.3-2pclos2011
lib64krb53-devel-1.8.3-2pclos2011
lib64ksba8-1.3.0-1pclos2013
lib64ktoblzcheck1-1.33-2pclos2013
lib64lame0-3.99.5-1pclos2013
lib64lash2-0.5.4-5pclos2013
lib64lastfm1-1.0.6-1pclos2013
lib64lcms1-1.19-7pclos2013
lib64lcms2_2-2.5-1pclos2014
lib64ldap2.4_2-2.4.23-2pclos2014
lib64lensfun0-0.2.8-1pclos2014
lib64lesstif2-0.95.2-1pclos2011
lib64libcap-ng0-0.7.3-1pclos2014
lib64lirc0-0.9.0-1pclos2012
lib64lm_sensors4-3.3.5-1pclos2014
lib64lo10k10-1.0.27-1pclos2013
lib64lockdev1-1.0.3-1pclos2011
lib64lockfile1-1.08-2pclos2011
lib64lqr0-0.4.1-3pclos2011
lib64ltdl7-2.4.2-1pclos2013
lib64lua5.1-5.1.5-1pclos2012
lib64lzma-devel-5.0.5-2pclos2014
lib64lzma5-5.0.5-2pclos2014
lib64lzo-devel-2.04-1pclos2011
lib64lzo2_2-2.04-1pclos2011
lib64mad0-0.15.1b-7pclos2011
lib64magic1-5.18-1pclos2014
lib64magick4-6.6.3.4-2pclos2011
lib64magick6-6.8.0.2-4pclos2013
lib64matroska2-1.0.0-1pclos2011
lib64matroska5-1.3.0-1pclos2013
lib64mb1-1.9-2pclos2014
lib64mbfl1-1.1.0-2pclos2011
lib64mcpp0-2.7.2-1pclos2011
lib64mcrypt4-2.5.8-3pclos2011
lib64meanwhile1-1.0.2-4pclos2012
lib64mediastreamer3-3.6.1-3pclos2013
lib64mesaegl1-10.1.4-1pclos2014
lib64mesaegl1-devel-10.1.4-1pclos2014
lib64mesagl1-10.1.4-1pclos2014
lib64mesagl1-devel-10.1.4-1pclos2014
lib64mesaglesv2_2-10.1.4-1pclos2014
lib64mesaglu1-9.0.0-3pclos2013
lib64mesaopenvg1-10.1.4-1pclos2014
lib64mhash2-0.9.9.9-2pclos2011
lib64mikmod3-3.3.5-1pclos2014
lib64mimic0-1.0.4-2pclos2011
lib64mjpegtools2.1_0-2.1.0-2pclos2014
lib64mms0-0.6.4-1pclos2014
lib64mng1-1.0.10-3pclos2011
lib64modplug1-0.8.8.2-1pclos2011
lib64modprobe0-3.6-6pclos2011
lib64mount1-2.22.2-3pclos2013
lib64mp4v2_1-2.0.1-1pclos2011
lib64mpc2-0.8.2-2pclos2011
lib64mpcdec5-1.2.6-1pclos2011
lib64mpcdec7-20131223-3pclos2014
lib64mpdclient2-2.8-1pclos2013
lib64mpeg2dec0-0.5.1-4pclos2011
lib64mpfr1-2.4.2-1pclos2011
lib64mpg123_0-1.20.0-1pclos2014
lib64msn0.3-4.2-1pclos2011
lib64mtdev1-1.1.3-2pclos2014
lib64mtp8-1.0.4-2pclos2011
lib64mtp9-1.1.6.1-3pclos2014
lib64musicbrainz3_6-3.0.3-1pclos2011
lib64musicbrainz4-2.1.5-2pclos2011
lib64mysql-devel-5.1.73-2pclos2014
lib64mysql16-5.1.73-2pclos2014
lib64nas2-1.9.3-2pclos2013
lib64ncurses-devel-5.9-2pclos2011
lib64ncurses5-5.9-2pclos2011
lib64ncursesw5-5.9-2pclos2011
lib64neon0.27-0.29.3-2pclos2014
lib64nepomukcleaner4-4.12.3-1pclos2014
lib64nepomukcore4-4.12.3-1pclos2014
lib64nepomukwidget4-4.12.3-1pclos2014
lib64net-snmp25-5.6.1-2pclos2012
lib64netpbm10-10.47.29-1pclos2011
lib64nettle4-2.7.1-1pclos2013
lib64newt0.52-0.52.14-2pclos2013
lib64nfnetlink0-1.0.0-1pclos2011
lib64nfsidmap0-0.23-2pclos2011
lib64nice10-0.1.5-1pclos2014
lib64nl1-1.1-2pclos2011
lib64nm-glib4-0.9.6.0-1pclos2012
lib64nm-util2-0.9.6.0-1pclos2012
lib64notify4-0.7.5-5pclos2013
lib64nspr4-4.10.5-1pclos2014
lib64nss3-3.16.1-1pclos2014
lib64ntfs10-2.0.0-2pclos2011
lib64ntlm0-1.2-1pclos2011
lib64numa1-2.0.3-1pclos2011
lib64nut0-0.0.675-1pclos2013
lib64ofa0-0.9.3-4pclos2013
lib64ofx4-0.9.4-1pclos2011
lib64ogg0-1.3.1-1pclos2013
lib64onig2-5.9.2-1pclos2011
lib64openal1-1.13-1pclos2011
lib64openbabel4-2.3.2-2pclos2013
lib64opencore-amrnb0-0.1.2-2pclos2013
lib64opencore-amrwb0-0.1.2-2pclos2013
lib64OpenEXR6-1.6.1-2pclos2011
lib64openjpeg5-1.5.1-1pclos2013
lib64openobex1-1.5-5pclos2013
lib64openslp1-1.2.1-6pclos2013
lib64OpenSP5-1.5.2-3pclos2011
lib64openssl-devel-1.0.1h-1pclos2014
lib64openssl-engines1.0.0-1.0.1h-1pclos2014
lib64openssl1.0.0-1.0.1h-1pclos2014
lib64opus0-1.1-1pclos2014
lib64ORBit2_0-2.14.19-1pclos2011
lib64orc0.4_0-0.4.17-1pclos2013
lib64ortp9-0.22.0-1pclos2013
lib64otr2-3.2.0-1pclos2011
lib64ots1_0-0.5.0-2pclos2013
lib64pala0-4.12.3-1pclos2014
lib64pam_userpass1-1.0.2-2pclos2011
lib64pam0-1.1.4-1pclos2011
lib64pango1.0_0-1.36.2-1pclos2014
lib64pango1.0_0-modules-1.36.2-1pclos2014
lib64pango1.0-devel-1.36.2-1pclos2014
lib64pangomm2.4_1-2.28.4-1pclos2011
lib64pangox1.0_0-0.0.2-1pclos2014
lib64pano13_0-2.9.18-2pclos2014
lib64paper1-1.1.24-2pclos2011
lib64parted0-2.4-2pclos2012
lib64parted2-3.1-1pclos2014
lib64pathplan4-2.36.0-1pclos2014
lib64pcap1-1.5.3-1pclos2014
lib64pci3-3.1.7-2pclos2013
lib64pciaccess-devel-0.13.2-1pclos2014
lib64pciaccess0-0.13.2-1pclos2014
lib64pcre-compatible0-8.21-1pclos2013
lib64pcre0-devel-8.33-1pclos2013
lib64pcre1-8.33-1pclos2013
lib64pcsclite1-1.8.11-1pclos2014
lib64phonon4-4.7.0-1pclos2013
lib64phononexperimental4-4.7.0-1pclos2013
lib64php5_common5-5.3.28-1pclos2014
lib64physfs2-2.0.3-1pclos2013
lib64pixman-devel-0.32.4-1pclos2014
lib64pixman1_0-0.32.4-1pclos2014
lib64pkcs11-helper1-1.07-3pclos2011
lib64plist1-1.8-2pclos2013
lib64plist2-1.11-1pclos2014
lib64plotutils2-2.6-1pclos2011
lib64png-devel-1.2.50-1pclos2013
lib64png3-1.2.50-1pclos2013
lib64polkit-gnome0-0.9.2-4pclos2013
lib64polkit-qt-agent-1_1-0.103.0-1pclos2013
lib64polkit-qt-core-1_1-0.103.0-1pclos2013
lib64polkit-qt-core0-0.9.3-4pclos2013
lib64polkit-qt-gui-1_1-0.103.0-1pclos2013
lib64polkit-qt-gui0-0.9.3-4pclos2013
lib64polkit1_0-0.103-2pclos2013
lib64polkit2-0.9-9pclos2011
lib64poppler-glib6-0.16.7-2pclos2013
lib64poppler-glib8-0.18.4-1pclos2013
lib64poppler-qt4-3-0.18.4-1pclos2013
lib64poppler13-0.16.7-2pclos2013
lib64poppler19-0.18.4-1pclos2013
lib64popt0-1.16-1pclos2011
lib64portaudio2-19-090504.4pclos2013
lib64portmidi0-2011120-1pclos2011
lib64postproc52-2.2.3-1pclos2014
lib64projectm2-2.1.0-5pclos2014
lib64protobuf8-2.5.0-4pclos2013
lib64proxy-webkit-0.4.11-1pclos2013
lib64proxy1-0.4.11-1pclos2013
lib64pth20-2.0.7-2pclos2011
lib64pulseaudio0-4.0-6pclos2013
lib64pulseglib20-4.0-6pclos2013
lib64python-devel-2.7.6-2pclos2014
lib64python2.6-2.6.6-2pclos2011
lib64python2.7-2.7.6-2pclos2014
lib64qalculate5-0.9.7-2pclos2011
lib64qca2-2.0.3-3pclos2014
lib64qimageblitz4-4.0.0-2pclos2011
lib64qjson0-0.8.1-1pclos2013
lib64qscintilla-qt4_2-2.5.1-6pclos2013
lib64qt-gstreamer0-0.10.2-1pclos2013
lib64qt3-3.3.8b-1pclos2011
lib64qt3support4-4.8.5-3pclos2013
lib64qtclucene4-4.8.5-3pclos2013
lib64qtcore4-4.8.5-3pclos2013
lib64qtdbus4-4.8.5-3pclos2013
lib64qtdeclarative4-4.8.5-3pclos2013
lib64qtdesigner4-4.8.5-3pclos2013
lib64qtgui4-4.8.5-3pclos2013
lib64qthelp4-4.8.5-3pclos2013
lib64qtmultimedia4-4.8.5-3pclos2013
lib64qtnetwork4-4.8.5-3pclos2013
lib64qtopengl4-4.8.5-3pclos2013
lib64qtscript4-4.8.5-3pclos2013
lib64qtscripttools4-4.8.5-3pclos2013
lib64qtsql4-4.8.5-3pclos2013
lib64qtsvg4-4.8.5-3pclos2013
lib64qttest4-4.8.5-3pclos2013
lib64qtwebkit4-4.8.5-3pclos2013
lib64qtxml4-4.8.5-3pclos2013
lib64qtxmlpatterns4-4.8.5-3pclos2013
lib64quicktime0-1.2.4-5pclos2013
lib64qxmlrpc1-1-1pclos2013
lib64raptor1-1.4.21-1pclos2011
lib64raptor2_0-2.0.13-1pclos2014
lib64rarian0-0.8.1-1pclos2011
lib64rasqal3-0.9.31-1pclos2014
lib64raw1394_11-2.1.0-1pclos2013
lib64raw1394_8-1.3.0-5pclos2013
lib64readline-devel-6.2-1pclos2011
lib64readline6-6.2-1pclos2011
lib64recode0-3.6-13pclos2011
lib64redland0-1.0.17-1pclos2014
lib64rpm1-4.8.1-7pclos2013
lib64rsvg2_2-2.36.4-4pclos2014
lib64rtmp-devel-2.4-0.2pclos2014
lib64rtmp0-2.3-1pclos2011
lib64rtmp1-2.4-0.2pclos2014
lib64samplerate0-0.1.8-1pclos2011
lib64sane1-1.0.24-1pclos2014
lib64sasl2-2.1.23-3pclos2013
lib64sasl2-plug-anonymous-2.1.23-3pclos2013
lib64sasl2-plug-crammd5-2.1.23-3pclos2013
lib64sasl2-plug-digestmd5-2.1.23-3pclos2013
lib64sasl2-plug-gssapi-2.1.23-3pclos2013
lib64sasl2-plug-ldapdb-2.1.23-3pclos2013
lib64sasl2-plug-login-2.1.23-3pclos2013
lib64sasl2-plug-ntlm-2.1.23-3pclos2013
lib64sasl2-plug-otp-2.1.23-3pclos2013
lib64sasl2-plug-plain-2.1.23-3pclos2013
lib64sasl2-plug-sasldb-2.1.23-3pclos2013
lib64sasl2-plug-sql-2.1.23-3pclos2013
lib64schroedinger1.0_0-1.0.11-1pclos2014
lib64SDL_gfx15-2.0.24-3pclos2013
lib64SDL_image1.2-1.2.10-2pclos2011
lib64SDL_mixer1.2-1.2.12-2pclos2013
lib64SDL_ttf2.0_0-2.0.10-2pclos2011
lib64SDL1.2_0-1.2.14-2pclos2011
lib64serf1-1.3.2-1pclos2014
lib64sexy2-0.1.11-2pclos2011
lib64sgutils2-1.28-1pclos2011
lib64shapelib1-1.2.10-1pclos2013
lib64shout3-2.2.2-3pclos2011
lib64sigc++2.0_0-2.2.10-1pclos2013
lib64sigc++2.0_0-devel-2.2.10-1pclos2013
lib64sigsegv2-2.10-1pclos2011
lib64slang2-2.2.4-1pclos2011
lib64slv2_9-0.6.6-2pclos2014
lib64sm-devel-1.2.2-1pclos2013
lib64sm6-1.2.2-1pclos2013
lib64smbclient0-3.5.14-1pclos2012
lib64smpeg0.4-0.4.4-33pclos2011
lib64sndfile1-1.0.25-1pclos2012
lib64soprano4-2.9.4-1pclos2013
lib64sopranoclient1-2.9.4-1pclos2013
lib64sopranoindex1-2.9.4-1pclos2013
lib64sopranoserver1-2.9.4-1pclos2013
lib64soup2.4_1-2.46.0-1pclos2014
lib64spectre1-0.2.7-1pclos2014
lib64speechd2-0.7.1-1pclos2013
lib64speex1-1.2-0.rc1.1pclos2011
lib64sqlite0-2.8.17-9pclos2013
lib64sqlite3_0-3.831-1pclos2014
lib64ssh2_1-1.3.0-1pclos2011
lib64ssh2-devel-1.3.0-1pclos2011
lib64ssh4-0.6.3-1pclos2014
lib64startup-notification-1_0-0.12-2pclos2013
lib64svgalib1-1.9.25-1pclos2011
lib64svn0-1.8.5-1pclos2014
lib64swresample0-2.2.3-1pclos2014
lib64swscaler2-2.2.3-1pclos2014
lib64sysfs-devel-2.1.0-5pclos2013
lib64sysfs-static-devel-2.1.0-5pclos2013
lib64sysfs2-2.1.0-5pclos2013
lib64taglib1-1.9.1-1pclos2014
lib64talloc2-3.5.9-2pclos2013
lib64tasn1_3-2.9-1pclos2011
lib64tasn1_6-3.4-1pclos2014
lib64tcb0-1.0.3-1pclos2011
lib64tcl8.6-8.6-0.b2.1pclos2012
lib64tdb1-3.5.9-1pclos2011
lib64telepathy-qt4_2-0.9.3-3pclos2014
lib64termcap2-2.0.8-46pclos2011
lib64tidy0.99_0-20090904-2pclos2011
lib64tiff3-3.9.5-2pclos2012
lib64tiff4-4.0.3-2pclos2013
lib64tiger5-0.3.4-1pclos2013
lib64tirpc1-0.2.4-1pclos2014
lib64tk8.6-8.6-0.b2.1pclos2012
lib64tunepimp5-0.5.3-14pclos2013
lib64turbojpeg0-1.3.0-3pclos2013
lib64twolame0-0.3.13-1pclos2011
lib64txc-dxtn-1.0.1-1pclos2013
lib64udev0-168-6pclos2011
lib64udev0-devel-168-6pclos2011
lib64umfpack5.2.0-5.2.0-2pclos2013
lib64unistring0-0.9.3-1pclos2011
lib64upnp3-1.6.6-2pclos2011
lib64upnp6-1.6.19-1pclos2014
lib64upower-glib1-0.9.20-3pclos2014
lib64usb-compat0.1_4-0.1.5-1pclos2013
lib64usb1.0_0-1.0.18-1pclos2014
lib64usbmuxd1-1.0.7-1pclos2011
lib64usbmuxd2-1.0.9-1pclos2014
lib64user1-0.60-1pclos2014
lib64utempter0-0.5.5-4pclos2011
lib64uuid-devel-2.22.2-3pclos2013
lib64uuid1-2.22.2-3pclos2013
lib64v4l0-1.0.1-1pclos2014
lib64va1-1.2.1-1pclos2014
lib64vcd0-0.7.23-5pclos2011
lib64vdpau1-0.7-1pclos2013
lib64vncserver0-0.9.9-1pclos2013
lib64vo-aacenc0-0.1.2-1pclos2013
lib64vo-amrwbenc0-0.1.1-1pclos2013
lib64voikko1-3.7-1pclos2014
lib64vorbis0-1.3.4-1pclos2014
lib64vorbisenc2-1.3.4-1pclos2014
lib64vorbisfile3-1.3.4-1pclos2014
lib64vpx0-0.9.6-2pclos2011
lib64vpx1-1.3.0-1pclos2014
lib64vte2_90_9-0.36.0-1pclos2014
lib64vte9-0.28.2-2pclos2013
lib64wavpack1-4.70.0-1pclos2014
lib64wayland-devel-1.4.0-1pclos2014
lib64wayland-egl1-10.1.4-1pclos2014
lib64wayland0-1.4.0-1pclos2014
lib64wbclient0-3.5.14-1pclos2012
lib64webkitgtk1.0_0-1.8.3-1pclos2013
lib64webp4-0.3.1-1pclos2013
lib64wildmidi1-0.2.3.4-2pclos2014
lib64wmf0.2_7-0.2.8.4-14pclos2012
lib64wpd0.9_9-0.9.9-1pclos2013
lib64wpg0.2_2-0.2.0-1pclos2011
lib64wrap0-7.6-37pclos2011
lib64wxgtkglu2.8-2.8.12-4pclos2014
lib64wxgtku2.8-2.8.12-4pclos2014
lib64x11_6-1.6.2-2pclos2013
lib64x11-devel-1.6.2-2pclos2013
lib64x86_1-1.1-4pclos2011
lib64x86emu1-1.4-1pclos2014
lib64xapian22-1.2.12-2pclos2013
lib64xau-devel-1.0.8-1pclos2013
lib64xau6-1.0.8-1pclos2013
lib64xavs1-0.1.55-1pclos2013
lib64xaw7-1.0.12-1pclos2013
lib64xcb-util-image0-0.3.9-1pclos2013
lib64xcb-util-keysyms1-0.3.9-1pclos2013
lib64xcomposite1-0.4.4-1pclos2013
lib64xcursor1-1.1.14-1pclos2013
lib64xdamage-devel-1.1.4-1pclos2013
lib64xdamage1-1.1.4-1pclos2013
lib64xdmcp-devel-1.1.1-1pclos2013
lib64xdmcp6-1.1.1-1pclos2013
lib64xerces-c3.1-3.1.1-1pclos2011
lib64xevie1-1.0.3-2pclos2013
lib64xext-devel-1.3.2-1pclos2013
lib64xext6-1.3.2-1pclos2013
lib64xfixes-devel-5.0.1-1pclos2013
lib64xfixes3-5.0.1-1pclos2013
lib64xfont1-1.4.7-1pclos2014
lib64xfontcache1-1.0.5-3pclos2014
lib64xfs1-3.1.11-1pclos2013
lib64xft-devel-2.3.1-1pclos2014
lib64xft2-2.3.1-1pclos2014
lib64xi6-1.6.2-1pclos2013
lib64xine1-1.1.21-5pclos2013
lib64xinerama1-1.1.3-1pclos2013
lib64xkbcommon0-0.3.1-1pclos2013
lib64xkbfile1-1.0.8-1pclos2013
lib64xml2_2-2.9.1-1pclos2014
lib64xml2-devel-2.9.1-1pclos2014
lib64xmlrpc-c3-1.06.27-5pclos2011
lib64xmms1-1.2.11-2pclos2011
lib64xmu6-1.1.2-1pclos2013
lib64xosd2-2.2.14-8pclos2011
lib64xp6-1.0.2-1pclos2013
lib64xpm4-3.5.11-1pclos2013
lib64xrandr2-1.4.2-1pclos2013
lib64xrender-devel-0.9.8-2pclos2014
lib64xrender1-0.9.8-2pclos2014
lib64xres1-1.0.7-1pclos2013
lib64xscrnsaver1-1.2.2-1pclos2013
lib64xshmfence-devel-1.1-1pclos2014
lib64xshmfence1-1.1-1pclos2014
lib64xslt1-1.1.26-3pclos2013
lib64xt-devel-1.1.4-1pclos2013
lib64xt6-1.1.4-1pclos2013
lib64xtst6-1.2.2-1pclos2013
lib64xulrunner7.0.1-7.0.1-1pclos2011
lib64xv1-1.0.10-1pclos2013
lib64xvid4-1.3.2-1pclos2012
lib64xvmc1-1.0.8-1pclos2013
lib64xxf86dga1-1.1.4-1pclos2013
lib64xxf86misc1-1.0.3-2pclos2013
lib64xxf86vm-devel-1.1.3-1pclos2013
lib64xxf86vm1-1.1.3-1pclos2013
lib64zip1-0.9.3-1pclos2011
lib64zip2-0.11.2-2pclos2014
lib64zvbi0-0.2.33-1pclos2011
libalsa-data-1.0.27.2-2pclos2013
libbonobo-2.32.1-1pclos2011
libbonoboui-2.24.5-2pclos2013
libcrystalhd-common-0-0.20101130.1pclos2011
libdrakx-net-0.87-15pclos2014
libgcc1-4.7.2-2pclos2013
libgfortran3-4.7.2-2pclos2013
libggi-2.2.2-2pclos2011
libgnome-keyring-i18n-3.10.1-1pclos2014
libgnome2-2.32.1-1pclos2011
libgnomeui2-2.24.5-1pclos2011
libgomp1-4.7.2-2pclos2013
libgphoto-common-2.5.4-1pclos2014
libgpod-0.8.3-1pclos2014
libgtop2-2.28.5-1pclos2014
libimobiledevice-1.1.6-1pclos2014
libjpeg-progs-6b-45pclos2013
libkcddb-4.12.3-1pclos2014
libkcompactdisc-4.12.3-1pclos2014
libkdcraw-4.12.3-1pclos2014
libkdeedu-4.12.3-1pclos2014
libkdegames-common-4.12.3-1pclos2014
libkdegames-corebindings-4.12.3-1pclos2014
libkexiv2-4.12.3-1pclos2014
libkface-4.0.0-2pclos2014
libkgapi-2.1.0-1pclos2014
libkgeomap-4.0.0-2pclos2014
libkipi-4.12.3-1pclos2014
libksane-4.12.3-1pclos2014
libktorrent-1.3.1-1pclos2013
libkvkontakte-4.0.0-2pclos2014
libmcrypt-2.5.8-3pclos2011
libmediainfo0-0.7.69-1pclos2014
libmediawiki-4.0.0-2pclos2014
libmtp-utils-1.1.6.1-3pclos2014
libobasis4.2-base-4.2.1.1-1
libobasis4.2-calc-4.2.1.1-1
libobasis4.2-core01-4.2.1.1-1
libobasis4.2-core02-4.2.1.1-1
libobasis4.2-core03-4.2.1.1-1
libobasis4.2-core04-4.2.1.1-1
libobasis4.2-core05-4.2.1.1-1
libobasis4.2-core06-4.2.1.1-1
libobasis4.2-core07-4.2.1.1-1
libobasis4.2-draw-4.2.1.1-1
libobasis4.2-en-US-4.2.1.1-1
libobasis4.2-en-US-base-4.2.1.1-1
libobasis4.2-en-US-calc-4.2.1.1-1
libobasis4.2-en-US-help-4.2.1.1-1
libobasis4.2-en-US-math-4.2.1.1-1
libobasis4.2-en-US-res-4.2.1.1-1
libobasis4.2-en-US-writer-4.2.1.1-1
libobasis4.2-extension-beanshell-script-provider-4.2.1.1-1
libobasis4.2-extension-javascript-script-provider-4.2.1.1-1
libobasis4.2-extension-mediawiki-publisher-4.2.1.1-1
libobasis4.2-extension-nlpsolver-4.2.1.1-1
libobasis4.2-extension-pdf-import-4.2.1.1-1
libobasis4.2-extension-report-builder-4.2.1.1-1
libobasis4.2-gnome-integration-4.2.1.1-1
libobasis4.2-graphicfilter-4.2.1.1-1
libobasis4.2-images-4.2.1.1-1
libobasis4.2-impress-4.2.1.1-1
libobasis4.2-kde-integration-4.2.1.1-1
libobasis4.2-librelogo-4.2.1.1-1
libobasis4.2-math-4.2.1.1-1
libobasis4.2-ogltrans-4.2.1.1-1
libobasis4.2-onlineupdate-4.2.1.1-1
libobasis4.2-ooofonts-4.2.1.1-1
libobasis4.2-ooolinguistic-4.2.1.1-1
libobasis4.2-postgresql-sdbc-4.2.1.1-1
libobasis4.2-python-script-provider-4.2.1.1-1
libobasis4.2-pyuno-4.2.1.1-1
libobasis4.2-writer-4.2.1.1-1
libobasis4.2-xsltfilter-4.2.1.1-1
libofx-0.9.4-1pclos2011
libpano13-tools-2.9.18-2pclos2014
libpgf-6.11.42-3pclos2013
libplist-1.11-1pclos2014
libprojectm-data-2.1.0-5pclos2014
libpthread-stubs-0.3-1pclos2011
libquadmath-devel-4.7.2-2pclos2013
libquadmath0-4.7.2-2pclos2013
LibRaw-0.16.0-1pclos2014
libreoffice4.2-4.2.1.1-1
libreoffice4.2-base-4.2.1.1-1
libreoffice4.2-calc-4.2.1.1-1
libreoffice4.2-dict-en-4.2.1.1-1
libreoffice4.2-dict-es-4.2.1.1-1
libreoffice4.2-dict-fr-4.2.1.1-1
libreoffice4.2-draw-4.2.1.1-1
libreoffice4.2-en-US-4.2.1.1-1
libreoffice4.2-freedesktop-menus-4.2.1-1
libreoffice4.2-impress-4.2.1.1-1
libreoffice4.2-math-4.2.1.1-1
libreoffice4.2-ure-4.2.1.1-1
libreoffice4.2-writer-4.2.1.1-1
libsane-hpaio-3.14.1-1pclos2014
libsbc-1.0-1pclos2013
libstdc++-devel-4.7.2-2pclos2013
libstdc++6-4.7.2-2pclos2013
libtheora-1.1.1-3pclos2011
libtirpc-0.2.4-1pclos2014
libuser-0.60-1pclos2014
libv4l-1.0.1-1pclos2014
libwmf-0.2.8.4-14pclos2012
libx11-common-1.6.2-2pclos2013
libxcb-1.10-1pclos2014
libxcb-devel-1.10-1pclos2014
libxml2-python-2.9.1-1pclos2014
libxml2-utils-2.9.1-1pclos2014
libzen0-0.4.29-1pclos2013
lilo-23.2-1pclos2011
littleutils-1.0.30-1pclos2014
llvm-3.4.1-1pclos2014
lm1100-1.0.2a-1pclos2011
locales-2.16-3pclos2013
locales-en-2.16-3pclos2013
locales-es-2.16-3pclos2013
locales-pt-2.16-3pclos2013
logrotate-3.7.9-2pclos2011
lomanager-4.2.4-1pclos2014
lsb-release-2.0-6pclos2011
lskat-4.12.3-1pclos2014
lskat-handbook-4.12.3-1pclos2014
lsof-4.87-1pclos2013
lua5.1-5.1.5-1pclos2012
luit-1.0.2-1pclos2011
lxcontrol-1.3-3pclos2011
lz4-r112-1pclos2014
lzip-1.15-1pclos2014
m4-1.4.16-1pclos2011
mac-3.99-2.u4b5pclos2012
mailcap-2.0.4-15pclos2011
make-4.0-1pclos2014
makedev-4.4-12pclos2011
mandi-1.0-1pclos2011
mandi-ifw-1.0-1pclos2011
marvel-firmware-1.0-1pclos2011
mc-4.8.11-1pclos2013
mcpp-2.7.2-1pclos2011
mdadm-3.0.3-1pclos2011
mediacheck-7.3-1pclos2011
mediainfo-0.7.69-1pclos2014
mediainfo-gui-0.7.69-1pclos2014
megaglest-3.6.0.3-1pclos2012
megaglest-data-3.6.0.3-1pclos2012
memtest86+-4.20-2pclos2013
mencoder-4.7.2-6pclos2014
mercurial-2.7.2-1pclos2013
mesa-10.1.4-1pclos2014
mesa-demos-8.0.1-1pclos2011
migration-assistant-0.6.2-1pclos2011
min12xxw-0.0.9-1pclos2011
mingetty-1.08-1pclos2011
mjpegtools-2.1.0-2pclos2014
mkfontdir-1.0.5-1pclos2011
mkfontscale-1.0.9-1pclos2011
mkinitrd-6.0.93-12pclos2014
mktemp-1.7-1pclos2011
mkxauth-1.7-14pclos2011
ml85p-0.2.0-1pclos2011
mlocate-0.22.2-1pclos2011
module-init-tools-3.6-6pclos2011
monitor-edid-3.0-3pclos2012
mount-cifs-3.5.14-1pclos2012
mpage-2.5.6-1pclos2011
mpd-0.18.7-1pclos2014
mpdbrowser-0.9.20-2pclos2013
mpg123-1.20.0-1pclos2014
mplayer-4.7.2-6pclos2014
mplayerplugin-3.55-7pclos2011
mscompress-0.3-6pclos2011
msec-0.80.3-3pclos2013
msec-gui-0.80.3-3pclos2013
mtink-1.0.16-3pclos2011
mtools-4.0.17-2pclos2013
multiarch-utils-1.0.13-1pclos2011
mutagen-1.20-2pclos2013
mylivecd-0.9.8-6pclos2014
mysql-5.1.73-2pclos2014
mysql-client-5.1.73-2pclos2014
mysql-common-5.1.73-2pclos2014
mysql-common-core-5.1.73-2pclos2014
mysql-core-5.1.73-2pclos2014
mysql-doc-5.1.73-2pclos2014
mysql-max-5.1.73-2pclos2014
nail-12.4-3pclos2014
nash-6.0.93-12pclos2014
ncurses-5.9-2pclos2011
ndiswrapper-1.59-2pclos2014
ndiswrapper-airforceone-1.0-2pclos2011
ndiswrapper-airplus-1.0-3pclos2011
ndiswrapper-bcmwl5-1.0-2pclos2011
ndiswrapper-bcmwl5a-1.0-2pclos2011
ndiswrapper-lstinds-1.0-2pclos2011
ndiswrapper-net8185-1.0-3pclos2011
ndiswrapper-netathw-1.0-1pclos2011
ndiswrapper-netma521-1.0-1pclos2011
ndiswrapper-netr33x-1.0-2pclos2011
ndiswrapper-prismnic-1.0-2pclos2011
ndiswrapper-wlannic-1.0-2pclos2011
ndiswrapper-wlipnds-1.0-2pclos2011
nepomuk-core-4.12.3-1pclos2014
net-snmp-5.6.1-2pclos2012
net-snmp-mibs-5.6.1-2pclos2012
net-snmp-utils-5.6.1-2pclos2012
net-tools-1.60-22pclos2011
netcat-traditional-1.10-1pclos2011
netprofile-0.26.1-3pclos2013
newt-0.52.14-2pclos2013
nfs-utils-1.2.5-1pclos2011
nfs-utils-clients-1.2.5-1pclos2011
nitroshare-0.2-1pclos2013
nmap-6.46-1pclos2014
normalize-0.7.7-3pclos2013
notification-daemon-0.7.3-2pclos2013
nouveau-firmware-20091212-1pclos2011
nscd-2.16-4pclos2013
nss_mdns-0.10-1pclos2011
nss_tcb-1.0.3-1pclos2011
nss_wins-3.5.14-1pclos2012
nss-3.16.1-1pclos2014
ntfs-3g-2014.2.15-1pclos2014
ntfs-config-1.0.1-7pclos2013
ntp-4.2.6p5-1pclos2014
ntp-client-4.2.6p5-1pclos2014
numlock-2.1.2-1pclos2011
obex-data-server-0.4.6-2pclos2013
obexd-0.47-1pclos2013
oki4linux-2.1gst-2pclos2011
openal-1.13-1pclos2011
opencv-2.4.8-1pclos2014
openldap-2.4.23-2pclos2014
openssh-6.6p1-1pclos2014
openssh-clients-6.6p1-1pclos2014
openssh-server-6.6p1-1pclos2014
openssl-1.0.1h-1pclos2014
ORBit2-2.14.19-1pclos2011
os-prober-1.61-1pclos2013
ots-0.5.0-2pclos2013
oxygen-icon-menu-4.6.4-1pclos2011
oxygen-icon-theme-4.12.3-1pclos2014
p11-kit-0.20.2-2pclos2014
p7zip-9.20.1-1pclos2011
pacpl-4.0.5-6pclos2013
palapeli-4.12.3-1pclos2014
palapeli-handbook-4.12.3-1pclos2014
pam_tcb-1.0.3-1pclos2011
pam-1.1.4-1pclos2011
pango-1.36.2-1pclos2014
pango-doc-1.36.2-1pclos2014
pangox-compat-0.0.2-1pclos2014
paprefs-0.9.10-9pclos2013
parallel-20140222-2pclos2014
passwd-0.77-2pclos2011
patch-2.6.1-1pclos2011
pavucontrol-2.0-1pclos2013
pbm2l2030-1.4-1pclos2011
pbm2lwxl-0-1pclos2011
pbmtozjs-0-1pclos2011
pciids-0.8-1pclos2014
pciutils-3.1.7-2pclos2013
PCLinuxOS-Converter-1.0-1pclos2014
PCLinuxOS-fix-screen-3-2pclos2013
PCLinuxOS-FLV-Player-4.3-1pclos2013
pclinuxos-gfxboot-theme-4.4.5.16-1pclos2014
PCLinuxOS-liveusb-0.9.7-1pclos2012
pclinuxos-menu-messages-2011-1pclos2011
pclinuxos-release-2014-1pclos2014
pclos-docuportal-0.1-7pclos2012
pcmcia-cis-firmware-3.2.8-1pclos2011
pcmciautils-015-1pclos2011
pcxhrloader-1.0.27-1pclos2013
pentaxpj-1.0.0-1pclos2011
perl-5.12.3-3pclos2012
perl-Archive-Cpio-0.09-1pclos2014
perl-Archive-Extract-0.34-10pclos2011
perl-Archive-Tar-1.54-10pclos2011
perl-Audio-FLAC-Header-2.3-10pclos2011
perl-Audio-Musepack-0.7-10pclos2011
perl-Audio-WMA-1.3-10pclos2011
perl-Authen-Smb-0.91-10pclos2011
perl-base-5.12.3-3pclos2012
perl-Cairo-1.081-1pclos2011
perl-Carp-Assert-0.20-10pclos2011
perl-CDDB_get-2.27-10pclos2011
perl-CGI-3.45-10pclos2011
perl-Config-IniFiles-2.52-10pclos2011
perl-Convert-ASN1-0.22-10pclos2011
perl-Crypt-PasswdMD5-1.3-10pclos2011
perl-Crypt-SSLeay-0.57-11pclos2011
perl-Curses-1.27-10pclos2011
perl-Curses-UI-0.9607-10pclos2011
perl-Date-Manip-6.07-2pclos2011
perl-DBD-mysql-4.013-2pclos2011
perl-DBI-1.609-10pclos2011
perl-DBIx-Simple-1.35-1pclos2011
perl-Devel-Symdump-2.08-10pclos2011
perl-Digest-HMAC-1.01-15pclos2011
perl-Digest-SHA-5.47-10pclos2011
perl-Digest-SHA1-2.12-10pclos2011
perl-Error-0.17015-10pclos2011
perl-ExtUtils-CBuilder-0.260301-10pclos2011
perl-File-BaseDir-0.03-10pclos2011
perl-File-DesktopEntry-0.04-10pclos2011
perl-File-FnMatch-0.02-10pclos2011
perl-File-MimeInfo-0.15-10pclos2011
perl-File-Sync-0.09-10pclos2011
perl-Filesys-Df-0.92-10pclos2011
perl-Finance-Quote-1.17-1pclos2011
perl-Glib-1.303.0-1pclos2013
perl-Gnome2-Vte-0.09-10pclos2011
perl-Gtk2-1.249-1pclos2013
perl-Gtk2-Html2-0.04-10pclos2011
perl-Gtk2-Notify-0.05-5pclos2011
perl-Gtk2-WebKit-0.08-2pclos2013
perl-Hal-Cdroms-0.03-10pclos2011
perl-HTML-Parser-3.62-11pclos2011
perl-HTML-TableExtract-2.10-10pclos2011
perl-HTML-Tagset-3.20-11pclos2011
perl-HTML-Tree-3.23-10pclos2011
perl-Image-ExifTool-9.13-2pclos2013
perl-Inline-0.45-10pclos2011
perl-IO-String-1.08-10pclos2011
perl-Libconf-0.42.10-10pclos2011
perl-libwww-perl-5.832-1pclos2011
perl-Locale-gettext-1.05-10pclos2011
perl-MailTools-2.04-10pclos2011
perl-Math-Calc-Units-1.07-10pclos2011
perl-MDK-Common-1.2.27-1pclos2011
perl-MIME-Lite-3.025-10pclos2011
perl-Module-Build-0.35-10pclos2011
perl-Module-CoreList-2.18-10pclos2011
perl-Module-Signature-0.55-10pclos2011
perl-MP3-Info-1.24-10pclos2011
perl-MP3-Tag-1.11-10pclos2011
perl-MP4-Info-1.12-10pclos2011
perl-Net-DBus-0.33.6-10pclos2011
perl-Net-Telnet-3.03-10pclos2011
perl-Ogg-Vorbis-Header-0.03-11pclos2012
perl-Pango-1.221-10pclos2011
perl-Parse-RecDescent-1.962.2-10pclos2011
perl-Pod-Coverage-0.20-10pclos2011
perl-Safe-2.19-10pclos2011
perl-Spiffy-0.30-10pclos2011
perl-String-CRC32-1.4-10pclos2011
perl-String-ShellQuote-1.03-10pclos2011
perl-SVN-1.8.5-1pclos2014
perl-Switch-2.14-10pclos2011
perl-Term-ReadKey-2.30-10pclos2011
perl-Test-Base-0.59-10pclos2011
perl-Text-DelimMatch-1.06-10pclos2011
perl-Time-Piece-1.15-10pclos2011
perl-Time-ZoneInfo-0.3-10pclos2011
perl-TimeDate-1.16-10pclos2011
perl-URI-1.40-10pclos2011
perl-WWW-Curl-4.11-2pclos2011
perl-XML-LibXML-1.69-10pclos2011
perl-XML-LibXML-Common-0.13-10pclos2011
perl-XML-NamespaceSupport-1.10-10pclos2011
perl-XML-Parser-2.36-10pclos2011
perl-XML-RegExp-0.03-10pclos2011
perl-XML-SAX-0.96-10pclos2011
perl-XML-Simple-2.18-10pclos2011
perl-XML-Twig-3.32-10pclos2011
perl-XML-XQL-0.68-10pclos2011
perl-YAML-0.70-10pclos2011
perl-YAML-Syck-1.07-10pclos2011
phonon-designer-plugin-4.7.0-1pclos2013
phonon-xine-4.4.4-5pclos2013
photorec-6.13-1pclos2011
php-ctype-5.3.28-1pclos2014
php-dom-5.3.28-1pclos2014
php-filter-5.3.28-1pclos2014
php-ftp-5.3.28-1pclos2014
php-gettext-5.3.28-1pclos2014
php-hash-5.3.28-1pclos2014
php-ini-5.3.28-1pclos2014
php-json-5.3.28-1pclos2014
php-mbstring-5.3.28-1pclos2014
php-mcrypt-5.3.28-1pclos2014
php-mysqli-5.3.28-1pclos2014
php-openssl-5.3.28-1pclos2014
php-posix-5.3.28-1pclos2014
php-session-5.3.28-1pclos2014
php-sysvsem-5.3.28-1pclos2014
php-sysvshm-5.3.28-1pclos2014
php-timezonedb-2011.5-2pclos2014
php-tokenizer-5.3.28-1pclos2014
php-xml-5.3.28-1pclos2014
php-xmlreader-5.3.28-1pclos2014
php-xmlwriter-5.3.28-1pclos2014
php-zlib-5.3.28-1pclos2014
phpmyadmin-4.1.5-1pclos2014
picard-1.2-1pclos2013
pinentry-0.8.3-1pclos2013
pinentry-qt4-0.8.3-1pclos2013
pkgconfig-0.28-1pclos2013
plasma-applet-devicemanager-1.1.1-3pclos2013
plasma-applet-keyleds-1.0-3pclos2013
plasma-applet-yawp-0.4.5-2pclos2013
plasma-desktoptheme-glassified-4.1.0-5pclos2013
plymouth-0.8.3-5pclos2012
plymouth-theme-pclinuxos-1.1.10-3pclos2012
plymouth-theme-silk_64-1.1-1pclos2013
pm-fallback-policy-0.1-4pclos2011
pm-utils-1.4.1-1pclos2011
pmount-0.9.23-1pclos2011
pngcrush-1.7.66-1pclos2013
pnm2ppa-1.12-1pclos2011
policykit-0.9-9pclos2011
policykit-gnome-0.9.2-4pclos2013
polkit-0.103-2pclos2013
polkit-gnome-0.102-2pclos2013
polkit-kde-agent-1-0.99.0-2pclos2012
poppler-0.18.4-1pclos2013
poppler-data-0.4.4-1pclos2011
popt-data-1.16-1pclos2011
portreserve-0.0.5-1pclos2011
poster-0-0.20060221.1pclos2011
postscript-ppds-2006-4pclos2011
ppmtocpva-1.0-1pclos2011
ppmtomd-1.5-1pclos2011
ppp-2.4.4-1pclos2011
ppp-pppoatm-2.4.4-1pclos2011
ppp-pppoe-2.4.4-1pclos2011
pptp-linux-1.7.2-1pclos2011
prcsys-0.0.3-2pclos2011
printer-filters-2008-4pclos2011
printer-testpages-2006-3pclos2011
printer-tools-2008-4pclos2011
printer-utils-2008-4pclos2011
prism54-firmware-1.0.4.3-5pclos2011
prison-1.0-3pclos2013
procps-3.2.8-1pclos2011
psmisc-22.20-1pclos2013
psutils-p17-10pclos2011
pulseaudio-4.0-6pclos2013
pulseaudio-client-config-4.0-6pclos2013
pulseaudio-esound-compat-4.0-6pclos2013
pulseaudio-module-bluetooth-4.0-6pclos2013
pulseaudio-module-equalizer-4.0-6pclos2013
pulseaudio-module-gconf-4.0-6pclos2013
pulseaudio-module-jack-4.0-6pclos2013
pulseaudio-module-lirc-4.0-6pclos2013
pulseaudio-module-x11-4.0-6pclos2013
pulseaudio-module-zeroconf-4.0-6pclos2013
pulseaudio-utils-4.0-6pclos2013
pyalsa-1.0.25-3pclos2013
pygame-1.9.1-4pclos2014
pygtk2.0-2.24.0-4pclos2013
pygtk2.0-libglade-2.24.0-4pclos2013
pykde4-4.12.3-1pclos2014
pyorbit-2.24.0-3pclos2013
pysolfc-2.0-3pclos2013
python-2.7.6-2pclos2014
python-babel-0.9.6-1pclos2013
python-beautifulsoup-3.2.1-1pclos2013
python-cairo-1.10.0-3pclos2013
python-cherrypy-3.2.4-1pclos2013
python-clientform-0.2.10-5pclos2013
python-cssutils-0.9.9-1pclos2013
python-cups-1.9.63-1pclos2013
python-dateutil-2.1-1pclos2013
python-dbus-1.2.0-2pclos2013
python-enchant-1.6.5-2pclos2013
python-genshi-0.7-1pclos2013
python-gobject-2.28.6-6pclos2013
python-gtksourceview-2.10.0-3pclos2013
python-iniparse-0.4-4pclos2013
python-lxml-3.2.3-1pclos2013
python-m2crypto-0.20.2-4pclos2013
python-markupsafe-0.18-1pclos2013
python-mechanize-0.2.5-1pclos2013
python-mpd-0.4.3-1pclos2013
python-nose-1.0.0-1pclos2013
python-notify-0.1.1-7pclos2013
python-numpy-1.7.1-3pclos2014
python-odf-0.9.6-1pclos2013
python-pillow-2.2.1-2pclos2013
python-pygments-1.6-1pclos2013
python-pyinotify-0.9.4-2pclos2013
python-pypdf-1.13-2pclos2013
python-pyxdg-0.25-2pclos2014
python-pyxml-0.8.4-21pclos2013
python-qt4-4.10.3-3pclos2013
python-qt4-core-4.10.3-3pclos2013
python-qt4-declarative-4.10.3-3pclos2013
python-qt4-designer-4.10.3-3pclos2013
python-qt4-gui-4.10.3-3pclos2013
python-qt4-help-4.10.3-3pclos2013
python-qt4-multimedia-4.10.3-3pclos2013
python-qt4-network-4.10.3-3pclos2013
python-qt4-opengl-4.10.3-3pclos2013
python-qt4-phonon-4.10.3-3pclos2013
python-qt4-qscintilla-2.5.1-6pclos2013
python-qt4-script-4.10.3-3pclos2013
python-qt4-scripttools-4.10.3-3pclos2013
python-qt4-sql-4.10.3-3pclos2013
python-qt4-svg-4.10.3-3pclos2013
python-qt4-test-4.10.3-3pclos2013
python-qt4-webkit-4.10.3-3pclos2013
python-qt4-xml-4.10.3-3pclos2013
python-qt4-xmlpatterns-4.10.3-3pclos2013
python-reportlab-2.7-1pclos2013
python-rhpl-0.212-4pclos2013
python-rpm-4.8.1-7pclos2013
python-setuptools-1.3-1pclos2013
python-sexy-0.1.9-6pclos2013
python-simplejson-3.3.0-1pclos2013
python-sip-4.15.3-2pclos2013
python-smbc-1.0.13-1pclos2013
python-xlib-0.15-1pclos2013
Q7Z-0.9.1-3pclos2013
qca2-2.0.3-3pclos2014
qoauth-1.0.1-2pclos2013
qrencode-3.2.0-1pclos2013
qt-update-notifier-1.5.7-1pclos2014
qt3-common-3.3.8b-1pclos2011
qt4-common-4.8.5-3pclos2013
qt4-database-plugin-mysql-4.8.5-3pclos2013
qt4-database-plugin-sqlite-4.8.5-3pclos2013
qt4-designer-plugin-qt3support-4.8.5-3pclos2013
qt4-designer-plugin-webkit-4.8.5-3pclos2013
qt4-qtconfig-4.8.5-3pclos2013
qt4-qtdbus-4.8.5-3pclos2013
qt4-xmlpatterns-4.8.5-3pclos2013
R-base-3.0.2-2pclos2013
R-cran-Cairo-1.5.2-2pclos2013
R-cran-cairoDevice-2.19-2pclos2013
radeontool-1.6.0-1pclos2011
rarian-0.8.1-1pclos2011
rarlinux-5.0.1-1pclos2013
rdesktop-1.8.1-2pclos2014
recode-3.6-13pclos2011
recoll-1.19.2-2pclos2013
redo-mbr-0.2-6pclos2011
reiserfsprogs-3.6.21-1pclos2011
remove-unused-packages-1.0-1pclos2013
resolvconf-1.46-1pclos2011
rgb-1.0.4-1pclos2011
rmt-0.4b42-3pclos2011
rootcerts-20140525.00-1pclos2014
rootfiles-11.0-4pclos2011
rp-pppoe-3.10-1pclos2011
rpcbind-0.2.1-1pclos2014
rpm-4.8.1-7pclos2013
rpm-firmware-1.0.27-1pclos2013
rpm-helper-0.23.4-1pclos2011
rpm-pclinuxos-setup-1.134-6pclos2013
rpm-rambo-setup-1.0-4pclos2011
rstudio-0.98.484-1pclos2013
rsync-3.1.0-1pclos2013
rt61-firmware-1.2-2pclos2011
rt73-firmware-1.8-3pclos2011
rtkit-0.4-1pclos2011
rtl8192se-firmware-0015.0127.2010-1pclos2011
ruby-1.8.7.p352-2pclos2011
run-parts-3.2.1-1pclos2011
s2u-0.9.2-1pclos2011
samba-client-3.5.14-1pclos2012
samba-common-3.5.14-1pclos2012
samba-server-3.5.14-1pclos2012
samba-swat-3.5.14-1pclos2012
sane-backends-1.0.24-1pclos2014
sane-backends-iscan-1.0.24-1pclos2014
sane-backends-iscan-firmware-1.0.22-2pclos2011
saned-1.0.24-1pclos2014
sash-3.7-8pclos2011
sb16_csp-1.0.27-1pclos2013
sbiload-1.0.27-1pclos2013
scli-0.4.0-1pclos2011
sdparm-1.08-1pclos2014
sed-4.2.2-1pclos2013
sessreg-1.0.5-1pclos2011
setup-2.7.17-1pclos2011
setxkbmap-1.3.0-2pclos2013
sgml-common-0.6.3-14pclos2011
shadow-utils-4.1.4.2-1pclos2011
shared-color-profiles-0.1.4-1pclos2011
shared-desktop-ontologies-0.11.0-1pclos2013
shared-mime-info-1.0-10pclos2013
sharutils-4.11-1pclos2011
shntool-3.0.10-2pclos2013
shorewall-4.4.11-1pclos2011
shorten-3.6.1-3pclos2012
showfont-1.0.2-1pclos2011
skype-4.2.0.11-1pclos2013
smb4k-1.1.0-1pclos2014
smplayer-14.3.0-1pclos2014
soprano-2.9.4-1pclos2013
soprano-plugin-common-2.9.4-1pclos2013
soprano-plugin-redland-2.9.4-1pclos2013
soprano-plugin-virtuoso-2.9.4-1pclos2013
sound-scripts-0.60-1pclos2011
sound-theme-freedesktop-0.8-1pclos2013
soundconverter-2.1.2-1pclos2014
soundwrapper-1.6-1pclos2011
sox-14.4.1-1pclos2013
speaker-test-1.0.27.2-1pclos2013
speedtouch-firmware-0.1-7pclos2011
speedtouch-firmware-extractor-0.1-2pclos2011
sqlite3-tools-3.831-1pclos2014
squashfs-tools-4.3-2pclos2014
sscape_ctl-1.0.27-1pclos2013
strigi-0.7.8-1pclos2013
stylewriter-0.9.9-1pclos2011
subversion-1.8.5-1pclos2014
sudo-1.8.5-0.p2.1pclos2012
suspend-0.8-5pclos2011
swh-plugins-0.4.15-3pclos2011
synaptic-0.57.2-25pclos2013
sysfsutils-2.1.0-5pclos2013
sysklogd-1.5-1pclos2011
syslinux-3.86-2pclos2014
system-config-printer-1.2.0-3pclos2013
system-config-printer-libs-1.2.0-3pclos2013
system-config-printer-udev-1.2.0-3pclos2013
sysvinit-2.88-3pclos2013
sysvinit-tools-2.88-3pclos2013
t1utils-1.38-1pclos2014
taglib-1.9.1-1pclos2014
taglib-extras-1.0.1-2pclos2011
tar-1.27.1-1pclos2013
task-java-2013-1pclos2013
task-kde4-help-4.12.3-1pclos2014
task-printing-canon-2013-2pclos2013
task-printing-epson-2013-2pclos2013
task-printing-hp-2013-2pclos2013
task-printing-lexmark-2013-2pclos2013
task-printing-misc-2013-2pclos2013
task-printing-okidata-2013-2pclos2013
task-printing-server-2013-2pclos2013
task-pulseaudio-2012.2.0-5pclos2014
task-qt4-4.8.5-1pclos2013
task-theme-silk_64-1.1-1pclos2013
task-x11-2011-1pclos2011
tcb-1.0.3-1pclos2011
tcl-8.6-0.b2.1pclos2012
tcp_wrappers-7.6-37pclos2011
telepathy-filesystem-0.0.2-1pclos2014
termcap-11.0.1-16pclos2011
testdisk-6.13-1pclos2011
thunderbird-24.5.0-1pclos2014
time-1.7-30pclos2011
timezone-2014b-1pclos2014
tk-8.6-0.b2.1pclos2012
tkinter-2.7.6-2pclos2014
togglecashew-0.3-1pclos2012
Touchpad-solution-0.1.4-1pclos2012
transfugdrake-1.9-2pclos2011
truecrypt-7.1a-1pclos2013
turtlebeach-firmware-1.0.27-1pclos2013
tvtime-1.0.2-7pclos2013
twolame-0.3.13-1pclos2011
udev-168-6pclos2011
udisks2-2.1.0-4pclos2013
ueagle-firmware-1.1-2pclos2011
umtsmon-0.9-2pclos2011
unarj-2.65-3pclos2011
unionfs-utils-0.2.1-1pclos2011
unix2dos-2.2-1pclos2011
unrarArchive-0.3-2pclos2011
unzip-6.0-1pclos2011
update-alternatives-1.9.0-1pclos2011
upower-0.9.20-3pclos2014
urw-fonts-2.0-17.2pclos2011
us428control-1.0.27-1pclos2013
usb_modeswitch-2.1.0-1pclos2014
usb_modeswitch-data-20140327-1pclos2014
usbmuxd-1.0.9-1pclos2014
usbutils-007-1pclos2014
userdrake-1.13.2-3pclos2011
usermode-1.102-1pclos2011
usermode-consoleonly-1.102-1pclos2011
utempter-0.5.5-4pclos2011
util-linux-ng-2.22.2-3pclos2013
uuidd-2.22.2-3pclos2013
vamps-0.99.2-4pclos2011
vbetool-1.1-1pclos2011
vcdimager-0.7.23-5pclos2011
vigra-1.9.0-1pclos2014
vim-common-7.3.338-5pclos2013
vim-enhanced-7.3.338-5pclos2013
vim-minimal-7.3.338-5pclos2013
virtuoso-opensource-6.1.6-3pclos2014
vorbis-tools-1.4.0-1pclos2013
vte-0.28.2-2pclos2013
vte3-0.36.0-1pclos2014
vxloader-1.0.27-1pclos2013
w3c-libwww-5.4.1-2pclos2014
wallpaper-theme-default-1.1-2pclos2013
warzone2100-3.1.1-1pclos2013
wavpack-4.70.0-1pclos2014
wayland-tools-1.4.0-1pclos2014
webcore-fonts-1.3-3pclos2011
webkit-1.8.3-1pclos2013
webkit1.0-1.8.3-1pclos2013
webkit1.0-webinspector-1.8.3-1pclos2013
webkitgtk3-1.10.0-1pclos2014
wget-1.14-3pclos2014
which-2.20-2pclos2011
wine-gecko-2.21-1pclos2013
wine32-1.6.2-2pclos2014
wine64-1.6.2-2pclos2014
winetricks-20130624-1pclos2013
wireless-regdb-20101124-1pclos2011
wireless-tools-30-0.pre9.2pclos2012
wmctrl-1.07-1pclos2011
wpa_supplicant-1.0-3pclos2012
wxgtk2.8-2.8.12-4pclos2014
wxHexEditor-0.22-3.1
x11-data-bitmaps-1.1.1-2pclos2011
x11-data-cursor-themes-1.0.1-7pclos2011
x11-data-xkbdata-2.2.1-2pclos2011
x11-driver-input-1.0.1-3pclos2011
x11-driver-input-acecad-1.5.0-7pclos2014
x11-driver-input-aiptek-1.4.1-1pclos2014
x11-driver-input-evdev-2.8.4-1pclos2014
x11-driver-input-evtouch-0.8.8-8pclos2014
x11-driver-input-fpit-1.4.0-4pclos2014
x11-driver-input-hyperpen-1.4.1-1pclos2014
x11-driver-input-joystick-1.6.2-2pclos2014
x11-driver-input-keyboard-1.8.0-1pclos2014
x11-driver-input-mouse-1.9.0-1pclos2014
x11-driver-input-mutouch-1.3.0-4pclos2014
x11-driver-input-penmount-1.5.0-5pclos2014
x11-driver-input-synaptics-1.8.0-2pclos2014
x11-driver-input-vboxmouse-4.1.4-1pclos2011
x11-driver-input-vmmouse-13.0.0-3pclos2014
x11-driver-input-void-1.4.0-5pclos2014
x11-driver-input-wacom-0.14.0-3pclos2014
x11-driver-video-1.0.2-3pclos2014
x11-driver-video-apm-1.2.5-2pclos2014
x11-driver-video-ark-0.7.5-2pclos2014
x11-driver-video-ast-0.98.0-2pclos2014
x11-driver-video-ati-7.3.0-3pclos2014
x11-driver-video-chips-1.2.5-2pclos2014
x11-driver-video-cirrus-1.5.2-2pclos2014
x11-driver-video-dummy-0.3.7-2pclos2014
x11-driver-video-fbdev-0.4.4-2pclos2014
x11-driver-video-fglrx-current-14.010.1006-2pclos2014
x11-driver-video-glint-1.2.8-2pclos2014
x11-driver-video-i128-1.3.6-2pclos2014
x11-driver-video-i740-1.3.4-2pclos2014
x11-driver-video-intel-2.99.910-2pclos2014
x11-driver-video-mach64-6.9.4-2pclos2014
x11-driver-video-mga-1.6.3-1pclos2014
x11-driver-video-modesetting-0.8.1-1pclos2014
x11-driver-video-neomagic-1.2.8-2pclos2014
x11-driver-video-nouveau-1.0.10-1pclos2014
x11-driver-video-nv-2.1.20-2pclos2014
x11-driver-video-openchrome-20131025-2pclos2014
x11-driver-video-qxl-0.1.1-1pclos2014
x11-driver-video-r128-6.9.2-2pclos2014
x11-driver-video-rendition-4.2.5-2pclos2014
x11-driver-video-s3-0.6.5-2pclos2014
x11-driver-video-s3virge-1.10.6-3pclos2014
x11-driver-video-savage-2.3.7-2pclos2014
x11-driver-video-siliconmotion-1.7.7-2pclos2014
x11-driver-video-sis-0.10.7-2pclos2014
x11-driver-video-sisimedia-0.9.1-3.20091203.7pclos2014
x11-driver-video-sisusb-0.9.6-2pclos2014
x11-driver-video-suncg14-1.1.2-2pclos2014
x11-driver-video-tdfx-1.4.5-2pclos2014
x11-driver-video-tga-1.2.2-2pclos2014
x11-driver-video-trident-1.3.6-2pclos2014
x11-driver-video-tseng-1.2.5-2pclos2014
x11-driver-video-uncommon-1.0.2-3pclos2014
x11-driver-video-v4l-0.2.0-9pclos2014
x11-driver-video-vboxvideo-4.3.12-1pclos2014
x11-driver-video-vesa-2.3.3-2pclos2014
x11-driver-video-vmware-13.0.1-3pclos2014
x11-driver-video-voodoo-1.2.5-2pclos2014
x11-driver-video-xgi-1.6.0-6pclos2014
x11-driver-video-xgixp-1.8.1-2pclos2014
x11-font-adobe-100dpi-1.0.3-1pclos2011
x11-font-adobe-utopia-75dpi-1.0.4-1pclos2011
x11-font-alias-1.0.3-1pclos2011
x11-font-arabic-misc-1.0.3-1pclos2011
x11-font-bitstream-100dpi-1.0.3-1pclos2011
x11-font-bitstream-type1-1.0.3-1pclos2011
x11-font-cursor-misc-1.0.3-1pclos2011
x11-font-dec-misc-1.0.3-1pclos2011
x11-font-encodings-1.0.4-1pclos2011
x11-font-misc-misc-1.1.2-1pclos2011
x11-font-sony-misc-1.0.3-1pclos2011
x11-font-sun-misc-1.0.3-1pclos2011
x11-font-type1-1.0.0-9pclos2011
x11-font-xfree86-type1-1.0.4-1pclos2011
x11-proto-devel-7.7-2pclos2014
x11-server-1.14.6-2pclos2014
x11-server-common-1.14.6-2pclos2014
x11-server-xdmx-1.14.6-2pclos2014
x11-server-xnest-1.14.6-2pclos2014
x11-server-xorg-1.14.6-2pclos2014
x11-server-xvfb-1.14.6-2pclos2014
x125-0.2.3-2pclos2011
x264-1.138-4pclos2013
xapian-core-1.2.12-2pclos2013
xauth-1.0.6-1pclos2011
xautomation-1.03-2pclos2011
xbindkeys-1.8.5-1pclos2011
xcb-util-0.3.9-2pclos2013
xchat-2.8.8-3pclos2013
xdg-user-dirs-0.14-1pclos2011
xdg-user-dirs-gtk-0.8-2pclos2011
xdg-utils-1.0.3-2pclos2011
Xdialog-2.3.1-1pclos2013
xdm-1.1.10-1pclos2011
xdpyinfo-1.3.0-1pclos2011
xev-1.0.4-1pclos2011
xfontsel-1.0.5-1pclos2014
xfs-1.1.1-2pclos2011
xfsprogs-3.1.11-1pclos2013
xhost-1.0.6-1pclos2013
xine-faad-1.1.21-5pclos2013
xine-flac-1.1.21-5pclos2013
xine-plugins-1.1.21-5pclos2013
xine-pulse-1.1.21-5pclos2013
xinetd-2.3.14-5pclos2011
xinit-1.3.0-1pclos2011
xinitrc-2.4.21-2pclos2011
xkbcomp-1.2.4-1pclos2013
xmessage-1.0.4-1pclos2014
xmlrpc-c-1.06.27-5pclos2011
xmodmap-1.0.8-1pclos2013
xplanet-1.2.2-1pclos2011
xprop-1.2.2-1pclos2014
xrandr-1.3.5-1pclos2011
xrdb-1.1.0-1pclos2014
xrefresh-1.0.5-1pclos2014
xsane-0.998-2pclos2011
xset-1.2.3-1pclos2014
xsetroot-1.1.1-1pclos2014
Xsettings-client-0.10-2pclos2014
xsettings-kde-0.10-3pclos2011
xsltproc-1.1.26-3pclos2013
xterm-297-1pclos2013
xulrunner-7.0.1-1pclos2011
xvinfo-1.1.1-1pclos2011
xz-5.0.5-2pclos2014
yad-0.26.1-1pclos2014
yajl-2.0.1-1pclos2012
z42tool-0.4.3-4pclos2011
zcip-4-9pclos2011
zd1201-firmware-0.14-2pclos2011
zd1211-firmware-1.4-1pclos2011
zenity-3.12.1-1pclos2014
zip-3.0-1pclos2011
zlib1-1.2.8-4pclos2014
zlib1-devel-1.2.8-4pclos2014
